<?xml version="1.0" encoding="UTF-8"?>
<coverage generated="1651720638882" clover="3.2.0">
  <project timestamp="1651720638882" name="All files">
    <metrics statements="505" coveredstatements="362" conditionals="164" coveredconditionals="132" methods="204" coveredmethods="139" elements="873" coveredelements="633" complexity="0" loc="505" ncloc="505" packages="10" files="33" classes="33"/>
    <package name="src">
      <metrics statements="1" coveredstatements="0" conditionals="0" coveredconditionals="0" methods="0" coveredmethods="0"/>
      <file name="entry.js" path="/home/brock/Documents/cs314/t17/client/src/entry.js">
        <metrics statements="1" coveredstatements="0" conditionals="0" coveredconditionals="0" methods="0" coveredmethods="0"/>
        <line num="6" count="0" type="stmt"/>
      </file>
    </package>
    <package name="src.components">
      <metrics statements="21" coveredstatements="21" conditionals="3" coveredconditionals="2" methods="8" coveredmethods="8"/>
      <file name="App.js" path="/home/brock/Documents/cs314/t17/client/src/components/App.js">
        <metrics statements="5" coveredstatements="5" conditionals="1" coveredconditionals="0" methods="3" coveredmethods="3"/>
        <line num="6" count="1" type="stmt"/>
        <line num="13" count="1" type="stmt"/>
        <line num="14" count="1" type="stmt"/>
        <line num="17" count="1" type="stmt"/>
        <line num="20" count="1" type="stmt"/>
      </file>
      <file name="Page.js" path="/home/brock/Documents/cs314/t17/client/src/components/Page.js">
        <metrics statements="16" coveredstatements="16" conditionals="2" coveredconditionals="2" methods="5" coveredmethods="5"/>
        <line num="12" count="8" type="stmt"/>
        <line num="13" count="8" type="stmt"/>
        <line num="15" count="8" type="stmt"/>
        <line num="35" count="8" type="stmt"/>
        <line num="36" count="8" type="stmt"/>
        <line num="38" count="8" type="stmt"/>
        <line num="39" count="3" type="stmt"/>
        <line num="43" count="2" type="stmt"/>
        <line num="44" count="2" type="stmt"/>
        <line num="45" count="2" type="stmt"/>
        <line num="49" count="3" type="stmt"/>
        <line num="50" count="3" type="cond" truecount="2" falsecount="0"/>
        <line num="51" count="2" type="stmt"/>
        <line num="53" count="1" type="stmt"/>
        <line num="54" count="1" type="stmt"/>
        <line num="58" count="8" type="stmt"/>
      </file>
    </package>
    <package name="src.components.About">
      <metrics statements="9" coveredstatements="9" conditionals="2" coveredconditionals="2" methods="6" coveredmethods="6"/>
      <file name="About.js" path="/home/brock/Documents/cs314/t17/client/src/components/About/About.js">
        <metrics statements="5" coveredstatements="5" conditionals="0" coveredconditionals="0" methods="5" coveredmethods="5"/>
        <line num="8" count="6" type="stmt"/>
        <line num="18" count="6" type="stmt"/>
        <line num="33" count="6" type="stmt"/>
        <line num="46" count="6" type="stmt"/>
        <line num="49" count="30" type="stmt"/>
      </file>
      <file name="AboutCard.js" path="/home/brock/Documents/cs314/t17/client/src/components/About/AboutCard.js">
        <metrics statements="2" coveredstatements="2" conditionals="2" coveredconditionals="2" methods="1" coveredmethods="1"/>
        <line num="5" count="36" type="cond" truecount="2" falsecount="0"/>
        <line num="9" count="36" type="stmt"/>
      </file>
      <file name="teamInfo.js" path="/home/brock/Documents/cs314/t17/client/src/components/About/teamInfo.js">
        <metrics statements="2" coveredstatements="2" conditionals="0" coveredconditionals="0" methods="0" coveredmethods="0"/>
        <line num="9" count="2" type="stmt"/>
        <line num="16" count="2" type="stmt"/>
      </file>
    </package>
    <package name="src.components.Margins">
      <metrics statements="30" coveredstatements="30" conditionals="12" coveredconditionals="12" methods="16" coveredmethods="16"/>
      <file name="Footer.js" path="/home/brock/Documents/cs314/t17/client/src/components/Margins/Footer.js">
        <metrics statements="10" coveredstatements="10" conditionals="6" coveredconditionals="6" methods="3" coveredmethods="3"/>
        <line num="8" count="3" type="stmt"/>
        <line num="9" count="3" type="stmt"/>
        <line num="10" count="3" type="stmt"/>
        <line num="13" count="12" type="stmt"/>
        <line num="15" count="12" type="stmt"/>
        <line num="24" count="24" type="stmt"/>
        <line num="25" count="24" type="cond" truecount="2" falsecount="0"/>
        <line num="27" count="12" type="cond" truecount="2" falsecount="0"/>
        <line num="28" count="12" type="cond" truecount="2" falsecount="0"/>
        <line num="30" count="12" type="stmt"/>
      </file>
      <file name="Header.js" path="/home/brock/Documents/cs314/t17/client/src/components/Margins/Header.js">
        <metrics statements="2" coveredstatements="2" conditionals="0" coveredconditionals="0" methods="1" coveredmethods="1"/>
        <line num="6" count="2" type="stmt"/>
        <line num="9" count="6" type="stmt"/>
      </file>
      <file name="ServerSettings.js" path="/home/brock/Documents/cs314/t17/client/src/components/Margins/ServerSettings.js">
        <metrics statements="18" coveredstatements="18" conditionals="6" coveredconditionals="6" methods="12" coveredmethods="12"/>
        <line num="7" count="110" type="stmt"/>
        <line num="10" count="1" type="stmt"/>
        <line num="13" count="110" type="stmt"/>
        <line num="36" count="110" type="cond" truecount="2" falsecount="0"/>
        <line num="37" count="23" type="stmt"/>
        <line num="39" count="87" type="cond" truecount="2" falsecount="0"/>
        <line num="40" count="83" type="stmt"/>
        <line num="42" count="4" type="stmt"/>
        <line num="46" count="94" type="stmt"/>
        <line num="55" count="94" type="stmt"/>
        <line num="58" count="74" type="stmt"/>
        <line num="63" count="94" type="stmt"/>
        <line num="78" count="282" type="stmt"/>
        <line num="86" count="87" type="stmt"/>
        <line num="100" count="94" type="stmt"/>
        <line num="104" count="1" type="stmt"/>
        <line num="105" count="1" type="stmt"/>
        <line num="116" count="94" type="stmt"/>
      </file>
    </package>
    <package name="src.components.Trip">
      <metrics statements="7" coveredstatements="7" conditionals="0" coveredconditionals="0" methods="4" coveredmethods="4"/>
      <file name="Planner.js" path="/home/brock/Documents/cs314/t17/client/src/components/Trip/Planner.js">
        <metrics statements="7" coveredstatements="7" conditionals="0" coveredconditionals="0" methods="4" coveredmethods="4"/>
        <line num="9" count="8" type="stmt"/>
        <line num="10" count="8" type="stmt"/>
        <line num="11" count="8" type="stmt"/>
        <line num="12" count="8" type="stmt"/>
        <line num="24" count="8" type="stmt"/>
        <line num="35" count="8" type="stmt"/>
        <line num="57" count="16" type="stmt"/>
      </file>
    </package>
    <package name="src.components.Trip.Itinerary">
      <metrics statements="198" coveredstatements="95" conditionals="28" coveredconditionals="15" methods="102" coveredmethods="50"/>
      <file name="AddPlace.js" path="/home/brock/Documents/cs314/t17/client/src/components/Trip/Itinerary/AddPlace.js">
        <metrics statements="36" coveredstatements="27" conditionals="6" coveredconditionals="4" methods="16" coveredmethods="13"/>
        <line num="19" count="42" type="stmt"/>
        <line num="20" count="42" type="stmt"/>
        <line num="21" count="42" type="stmt"/>
        <line num="22" count="42" type="stmt"/>
        <line num="23" count="0" type="stmt"/>
        <line num="47" count="18" type="stmt"/>
        <line num="55" count="18" type="stmt"/>
        <line num="56" count="18" type="stmt"/>
        <line num="58" count="18" type="stmt"/>
        <line num="59" count="2" type="stmt"/>
        <line num="61" count="18" type="stmt"/>
        <line num="73" count="18" type="stmt"/>
        <line num="76" count="16" type="stmt"/>
        <line num="88" count="18" type="stmt"/>
        <line num="91" count="0" type="stmt"/>
        <line num="107" count="18" type="stmt"/>
        <line num="116" count="18" type="stmt"/>
        <line num="117" count="18" type="stmt"/>
        <line num="118" count="0" type="stmt"/>
        <line num="119" count="0" type="stmt"/>
        <line num="121" count="18" type="stmt"/>
        <line num="136" count="18" type="stmt"/>
        <line num="141" count="0" type="stmt"/>
        <line num="142" count="0" type="stmt"/>
        <line num="154" count="18" type="stmt"/>
        <line num="155" count="18" type="stmt"/>
        <line num="156" count="7" type="stmt"/>
        <line num="157" count="7" type="stmt"/>
        <line num="158" count="7" type="cond" truecount="3" falsecount="1"/>
        <line num="159" count="7" type="stmt"/>
        <line num="160" count="0" type="stmt"/>
        <line num="163" count="18" type="stmt"/>
        <line num="168" count="2" type="stmt"/>
        <line num="169" count="2" type="cond" truecount="1" falsecount="1"/>
        <line num="170" count="0" type="stmt"/>
        <line num="173" count="0" type="stmt"/>
      </file>
      <file name="DistancesRequest.js" path="/home/brock/Documents/cs314/t17/client/src/components/Trip/Itinerary/DistancesRequest.js">
        <metrics statements="7" coveredstatements="7" conditionals="2" coveredconditionals="2" methods="3" coveredmethods="3"/>
        <line num="4" count="18" type="stmt"/>
        <line num="8" count="1" type="stmt"/>
        <line num="14" count="18" type="stmt"/>
        <line num="15" count="18" type="cond" truecount="2" falsecount="0"/>
        <line num="16" count="1" type="stmt"/>
        <line num="18" count="17" type="stmt"/>
        <line num="19" count="17" type="stmt"/>
      </file>
      <file name="FileLoaderApp.js" path="/home/brock/Documents/cs314/t17/client/src/components/Trip/Itinerary/FileLoaderApp.js">
        <metrics statements="8" coveredstatements="4" conditionals="2" coveredconditionals="1" methods="3" coveredmethods="2"/>
        <line num="14" count="6" type="stmt"/>
        <line num="19" count="0" type="stmt"/>
        <line num="20" count="0" type="stmt"/>
        <line num="21" count="0" type="stmt"/>
        <line num="24" count="4" type="stmt"/>
        <line num="41" count="4" type="cond" truecount="1" falsecount="1"/>
        <line num="42" count="0" type="stmt"/>
        <line num="46" count="4" type="stmt"/>
      </file>
      <file name="FindRequest.js" path="/home/brock/Documents/cs314/t17/client/src/components/Trip/Itinerary/FindRequest.js">
        <metrics statements="7" coveredstatements="2" conditionals="2" coveredconditionals="0" methods="3" coveredmethods="2"/>
        <line num="4" count="2" type="stmt"/>
        <line num="7" count="0" type="stmt"/>
        <line num="12" count="2" type="stmt"/>
        <line num="13" count="0" type="cond" truecount="0" falsecount="2"/>
        <line num="14" count="0" type="stmt"/>
        <line num="17" count="0" type="stmt"/>
        <line num="18" count="0" type="stmt"/>
      </file>
      <file name="Itinerary.js" path="/home/brock/Documents/cs314/t17/client/src/components/Trip/Itinerary/Itinerary.js">
        <metrics statements="39" coveredstatements="39" conditionals="6" coveredconditionals="6" methods="19" coveredmethods="19"/>
        <line num="14" count="12" type="cond" truecount="2" falsecount="0"/>
        <line num="16" count="12" type="stmt"/>
        <line num="33" count="12" type="stmt"/>
        <line num="56" count="12" type="stmt"/>
        <line num="57" count="12" type="stmt"/>
        <line num="58" count="12" type="stmt"/>
        <line num="59" count="12" type="stmt"/>
        <line num="60" count="12" type="stmt"/>
        <line num="61" count="12" type="stmt"/>
        <line num="62" count="12" type="stmt"/>
        <line num="81" count="12" type="stmt"/>
        <line num="99" count="12" type="stmt"/>
        <line num="112" count="12" type="stmt"/>
        <line num="125" count="12" type="stmt"/>
        <line num="143" count="12" type="stmt"/>
        <line num="161" count="12" type="stmt"/>
        <line num="174" count="12" type="stmt"/>
        <line num="175" count="12" type="stmt"/>
        <line num="187" count="12" type="stmt"/>
        <line num="188" count="12" type="stmt"/>
        <line num="189" count="16" type="stmt"/>
        <line num="191" count="12" type="stmt"/>
        <line num="194" count="12" type="stmt"/>
        <line num="197" count="32" type="stmt"/>
        <line num="213" count="34" type="stmt"/>
        <line num="214" count="34" type="stmt"/>
        <line num="215" count="34" type="stmt"/>
        <line num="216" count="34" type="stmt"/>
        <line num="217" count="34" type="stmt"/>
        <line num="221" count="2" type="stmt"/>
        <line num="238" count="34" type="stmt"/>
        <line num="239" count="34" type="stmt"/>
        <line num="240" count="34" type="stmt"/>
        <line num="241" count="136" type="stmt"/>
        <line num="242" count="136" type="stmt"/>
        <line num="244" count="34" type="stmt"/>
        <line num="249" count="34" type="stmt"/>
        <line num="257" count="2" type="stmt"/>
        <line num="258" count="2" type="stmt"/>
      </file>
      <file name="LoadTrip.js" path="/home/brock/Documents/cs314/t17/client/src/components/Trip/Itinerary/LoadTrip.js">
        <metrics statements="14" coveredstatements="4" conditionals="4" coveredconditionals="2" methods="7" coveredmethods="3"/>
        <line num="13" count="14" type="stmt"/>
        <line num="15" count="14" type="stmt"/>
        <line num="16" count="0" type="stmt"/>
        <line num="36" count="2" type="stmt"/>
        <line num="43" count="2" type="stmt"/>
        <line num="48" count="0" type="stmt"/>
        <line num="58" count="0" type="stmt"/>
        <line num="68" count="0" type="cond" truecount="0" falsecount="2"/>
        <line num="69" count="0" type="stmt"/>
        <line num="70" count="0" type="stmt"/>
        <line num="71" count="0" type="stmt"/>
        <line num="73" count="0" type="stmt"/>
        <line num="74" count="0" type="stmt"/>
        <line num="77" count="0" type="stmt"/>
      </file>
      <file name="OptimizeTrip.js" path="/home/brock/Documents/cs314/t17/client/src/components/Trip/Itinerary/OptimizeTrip.js">
        <metrics statements="10" coveredstatements="1" conditionals="0" coveredconditionals="0" methods="8" coveredmethods="1"/>
        <line num="19" count="12" type="stmt"/>
        <line num="20" count="0" type="stmt"/>
        <line num="45" count="0" type="stmt"/>
        <line num="53" count="0" type="stmt"/>
        <line num="57" count="0" type="stmt"/>
        <line num="64" count="0" type="stmt"/>
        <line num="73" count="0" type="stmt"/>
        <line num="77" count="0" type="stmt"/>
        <line num="78" count="0" type="stmt"/>
        <line num="79" count="0" type="stmt"/>
      </file>
      <file name="SaveTrip.js" path="/home/brock/Documents/cs314/t17/client/src/components/Trip/Itinerary/SaveTrip.js">
        <metrics statements="28" coveredstatements="5" conditionals="0" coveredconditionals="0" methods="13" coveredmethods="1"/>
        <line num="15" count="12" type="stmt"/>
        <line num="21" count="12" type="stmt"/>
        <line num="22" count="12" type="stmt"/>
        <line num="23" count="12" type="stmt"/>
        <line num="24" count="12" type="stmt"/>
        <line num="42" count="0" type="stmt"/>
        <line num="51" count="0" type="stmt"/>
        <line num="56" count="0" type="stmt"/>
        <line num="59" count="0" type="stmt"/>
        <line num="64" count="0" type="stmt"/>
        <line num="75" count="0" type="stmt"/>
        <line num="79" count="0" type="stmt"/>
        <line num="86" count="0" type="stmt"/>
        <line num="98" count="0" type="stmt"/>
        <line num="99" count="0" type="stmt"/>
        <line num="100" count="0" type="stmt"/>
        <line num="105" count="0" type="stmt"/>
        <line num="106" count="0" type="stmt"/>
        <line num="107" count="0" type="stmt"/>
        <line num="108" count="0" type="stmt"/>
        <line num="109" count="0" type="stmt"/>
        <line num="110" count="0" type="stmt"/>
        <line num="111" count="0" type="stmt"/>
        <line num="112" count="0" type="stmt"/>
        <line num="113" count="0" type="stmt"/>
        <line num="114" count="0" type="stmt"/>
        <line num="120" count="0" type="stmt"/>
        <line num="127" count="0" type="stmt"/>
      </file>
      <file name="Settings.js" path="/home/brock/Documents/cs314/t17/client/src/components/Trip/Itinerary/Settings.js">
        <metrics statements="23" coveredstatements="3" conditionals="4" coveredconditionals="0" methods="14" coveredmethods="3"/>
        <line num="15" count="12" type="stmt"/>
        <line num="25" count="12" type="stmt"/>
        <line num="40" count="12" type="stmt"/>
        <line num="57" count="0" type="stmt"/>
        <line num="65" count="0" type="stmt"/>
        <line num="77" count="0" type="stmt"/>
        <line num="81" count="0" type="stmt"/>
        <line num="90" count="0" type="stmt"/>
        <line num="94" count="0" type="stmt"/>
        <line num="103" count="0" type="stmt"/>
        <line num="104" count="0" type="stmt"/>
        <line num="108" count="0" type="stmt"/>
        <line num="113" count="0" type="stmt"/>
        <line num="126" count="0" type="cond" truecount="0" falsecount="4"/>
        <line num="127" count="0" type="stmt"/>
        <line num="129" count="0" type="stmt"/>
        <line num="131" count="0" type="stmt"/>
        <line num="132" count="0" type="stmt"/>
        <line num="133" count="0" type="stmt"/>
        <line num="141" count="0" type="stmt"/>
        <line num="142" count="0" type="stmt"/>
        <line num="143" count="0" type="stmt"/>
        <line num="144" count="0" type="stmt"/>
      </file>
      <file name="TourRequest.js" path="/home/brock/Documents/cs314/t17/client/src/components/Trip/Itinerary/TourRequest.js">
        <metrics statements="11" coveredstatements="0" conditionals="2" coveredconditionals="0" methods="3" coveredmethods="0"/>
        <line num="5" count="0" type="stmt"/>
        <line num="8" count="0" type="stmt"/>
        <line num="9" count="0" type="stmt"/>
        <line num="10" count="0" type="stmt"/>
        <line num="11" count="0" type="stmt"/>
        <line num="13" count="0" type="stmt"/>
        <line num="18" count="0" type="stmt"/>
        <line num="19" count="0" type="cond" truecount="0" falsecount="2"/>
        <line num="20" count="0" type="stmt"/>
        <line num="23" count="0" type="stmt"/>
        <line num="24" count="0" type="stmt"/>
      </file>
      <file name="actions.js" path="/home/brock/Documents/cs314/t17/client/src/components/Trip/Itinerary/actions.js">
        <metrics statements="15" coveredstatements="3" conditionals="0" coveredconditionals="0" methods="13" coveredmethods="3"/>
        <line num="9" count="12" type="stmt"/>
        <line num="11" count="0" type="stmt"/>
        <line num="14" count="0" type="stmt"/>
        <line num="17" count="0" type="stmt"/>
        <line num="20" count="0" type="stmt"/>
        <line num="23" count="0" type="stmt"/>
        <line num="26" count="0" type="stmt"/>
        <line num="29" count="0" type="stmt"/>
        <line num="37" count="34" type="stmt"/>
        <line num="39" count="0" type="stmt"/>
        <line num="47" count="46" type="stmt"/>
        <line num="62" count="0" type="stmt"/>
        <line num="63" count="0" type="stmt"/>
        <line num="67" count="0" type="stmt"/>
        <line num="68" count="0" type="stmt"/>
      </file>
    </package>
    <package name="src.components.Trip.Map">
      <metrics statements="30" coveredstatements="23" conditionals="10" coveredconditionals="5" methods="9" coveredmethods="6"/>
      <file name="Map.js" path="/home/brock/Documents/cs314/t17/client/src/components/Trip/Map/Map.js">
        <metrics statements="23" coveredstatements="22" conditionals="6" coveredconditionals="5" methods="6" coveredmethods="6"/>
        <line num="8" count="5" type="stmt"/>
        <line num="9" count="5" type="stmt"/>
        <line num="10" count="5" type="stmt"/>
        <line num="11" count="5" type="stmt"/>
        <line num="12" count="5" type="stmt"/>
        <line num="16" count="1" type="stmt"/>
        <line num="19" count="9" type="stmt"/>
        <line num="40" count="9" type="stmt"/>
        <line num="41" count="9" type="stmt"/>
        <line num="42" count="8" type="stmt"/>
        <line num="50" count="9" type="cond" truecount="2" falsecount="0"/>
        <line num="51" count="8" type="stmt"/>
        <line num="54" count="1" type="stmt"/>
        <line num="55" count="1" type="stmt"/>
        <line num="56" count="8" type="stmt"/>
        <line num="57" count="8" type="stmt"/>
        <line num="58" count="8" type="stmt"/>
        <line num="60" count="1" type="stmt"/>
        <line num="64" count="9" type="cond" truecount="2" falsecount="0"/>
        <line num="65" count="8" type="stmt"/>
        <line num="67" count="1" type="cond" truecount="1" falsecount="1"/>
        <line num="68" count="1" type="stmt"/>
        <line num="70" count="0" type="stmt"/>
      </file>
      <file name="Marker.js" path="/home/brock/Documents/cs314/t17/client/src/components/Trip/Map/Marker.js">
        <metrics statements="7" coveredstatements="1" conditionals="4" coveredconditionals="0" methods="3" coveredmethods="0"/>
        <line num="7" count="5" type="stmt"/>
        <line num="11" count="0" type="cond" truecount="0" falsecount="2"/>
        <line num="12" count="0" type="stmt"/>
        <line num="16" count="0" type="cond" truecount="0" falsecount="2"/>
        <line num="17" count="0" type="stmt"/>
        <line num="19" count="0" type="stmt"/>
        <line num="20" count="0" type="stmt"/>
      </file>
    </package>
    <package name="src.hooks">
      <metrics statements="97" coveredstatements="78" conditionals="26" coveredconditionals="22" methods="28" coveredmethods="22"/>
      <file name="useFileReader.js" path="/home/brock/Documents/cs314/t17/client/src/hooks/useFileReader.js">
        <metrics statements="16" coveredstatements="2" conditionals="4" coveredconditionals="0" methods="4" coveredmethods="1"/>
        <line num="13" count="20" type="stmt"/>
        <line num="16" count="0" type="stmt"/>
        <line num="17" count="0" type="stmt"/>
        <line num="18" count="0" type="stmt"/>
        <line num="19" count="0" type="stmt"/>
        <line num="20" count="0" type="stmt"/>
        <line num="23" count="20" type="stmt"/>
        <line num="27" count="0" type="stmt"/>
        <line num="28" count="0" type="cond" truecount="0" falsecount="2"/>
        <line num="29" count="0" type="stmt"/>
        <line num="30" count="0" type="stmt"/>
        <line num="31" count="0" type="cond" truecount="0" falsecount="2"/>
        <line num="32" count="0" type="stmt"/>
        <line num="33" count="0" type="stmt"/>
        <line num="37" count="0" type="stmt"/>
        <line num="40" count="0" type="stmt"/>
      </file>
      <file name="usePlaces.js" path="/home/brock/Documents/cs314/t17/client/src/hooks/usePlaces.js">
        <metrics statements="48" coveredstatements="43" conditionals="14" coveredconditionals="14" methods="14" coveredmethods="11"/>
        <line num="9" count="77" type="stmt"/>
        <line num="10" count="77" type="stmt"/>
        <line num="11" count="77" type="stmt"/>
        <line num="12" count="77" type="stmt"/>
        <line num="13" count="77" type="stmt"/>
        <line num="14" count="77" type="stmt"/>
        <line num="16" count="77" type="stmt"/>
        <line num="18" count="77" type="stmt"/>
        <line num="19" count="18" type="stmt"/>
        <line num="20" count="4" type="stmt"/>
        <line num="21" count="1" type="stmt"/>
        <line num="22" count="3" type="stmt"/>
        <line num="23" count="0" type="stmt"/>
        <line num="26" count="77" type="stmt"/>
        <line num="30" count="18" type="stmt"/>
        <line num="32" count="18" type="stmt"/>
        <line num="34" count="18" type="stmt"/>
        <line num="35" count="18" type="stmt"/>
        <line num="37" count="18" type="stmt"/>
        <line num="39" count="18" type="stmt"/>
        <line num="40" count="18" type="stmt"/>
        <line num="43" count="0" type="stmt"/>
        <line num="45" count="0" type="stmt"/>
        <line num="46" count="0" type="stmt"/>
        <line num="47" count="0" type="stmt"/>
        <line num="51" count="18" type="stmt"/>
        <line num="52" count="18" type="stmt"/>
        <line num="56" count="4" type="stmt"/>
        <line num="58" count="4" type="cond" truecount="4" falsecount="0"/>
        <line num="59" count="1" type="stmt"/>
        <line num="60" count="1" type="stmt"/>
        <line num="62" count="9" type="stmt"/>
        <line num="63" count="3" type="stmt"/>
        <line num="64" count="3" type="stmt"/>
        <line num="65" count="3" type="stmt"/>
        <line num="67" count="3" type="cond" truecount="2" falsecount="0"/>
        <line num="68" count="1" type="stmt"/>
        <line num="69" count="2" type="cond" truecount="4" falsecount="0"/>
        <line num="70" count="1" type="stmt"/>
        <line num="75" count="1" type="stmt"/>
        <line num="77" count="1" type="stmt"/>
        <line num="78" count="1" type="stmt"/>
        <line num="82" count="3" type="stmt"/>
        <line num="84" count="3" type="cond" truecount="4" falsecount="0"/>
        <line num="85" count="1" type="stmt"/>
        <line num="86" count="1" type="stmt"/>
        <line num="87" count="1" type="stmt"/>
        <line num="89" count="2" type="stmt"/>
      </file>
      <file name="useServerInputValidation.js" path="/home/brock/Documents/cs314/t17/client/src/hooks/useServerInputValidation.js">
        <metrics statements="30" coveredstatements="30" conditionals="8" coveredconditionals="8" methods="8" coveredmethods="8"/>
        <line num="5" count="110" type="stmt"/>
        <line num="6" count="110" type="stmt"/>
        <line num="7" count="110" type="stmt"/>
        <line num="9" count="110" type="stmt"/>
        <line num="10" count="110" type="stmt"/>
        <line num="12" count="110" type="stmt"/>
        <line num="13" count="110" type="stmt"/>
        <line num="15" count="110" type="stmt"/>
        <line num="16" count="9" type="stmt"/>
        <line num="19" count="110" type="stmt"/>
        <line num="23" count="83" type="stmt"/>
        <line num="25" count="83" type="stmt"/>
        <line num="26" count="83" type="stmt"/>
        <line num="27" count="83" type="cond" truecount="2" falsecount="0"/>
        <line num="28" count="27" type="stmt"/>
        <line num="30" count="56" type="stmt"/>
        <line num="31" count="56" type="stmt"/>
        <line num="36" count="27" type="stmt"/>
        <line num="38" count="27" type="stmt"/>
        <line num="39" count="27" type="stmt"/>
        <line num="40" count="27" type="stmt"/>
        <line num="42" count="27" type="cond" truecount="4" falsecount="0"/>
        <line num="43" count="10" type="stmt"/>
        <line num="44" count="10" type="stmt"/>
        <line num="49" count="2" type="stmt"/>
        <line num="51" count="2" type="stmt"/>
        <line num="52" count="2" type="stmt"/>
        <line num="53" count="2" type="stmt"/>
        <line num="57" count="83" type="stmt"/>
        <line num="58" count="83" type="cond" truecount="2" falsecount="0"/>
      </file>
      <file name="useToggle.js" path="/home/brock/Documents/cs314/t17/client/src/hooks/useToggle.js">
        <metrics statements="3" coveredstatements="3" conditionals="0" coveredconditionals="0" methods="2" coveredmethods="2"/>
        <line num="4" count="114" type="stmt"/>
        <line num="7" count="7" type="stmt"/>
        <line num="10" count="114" type="stmt"/>
      </file>
    </package>
    <package name="src.models">
      <metrics statements="34" coveredstatements="34" conditionals="27" coveredconditionals="27" methods="15" coveredmethods="15"/>
      <file name="place.model.js" path="/home/brock/Documents/cs314/t17/client/src/models/place.model.js">
        <metrics statements="34" coveredstatements="34" conditionals="27" coveredconditionals="27" methods="15" coveredmethods="15"/>
        <line num="7" count="83" type="cond" truecount="5" falsecount="0"/>
        <line num="8" count="83" type="stmt"/>
        <line num="9" count="83" type="cond" truecount="2" falsecount="0"/>
        <line num="10" count="83" type="cond" truecount="2" falsecount="0"/>
        <line num="11" count="83" type="cond" truecount="6" falsecount="0"/>
        <line num="12" count="83" type="cond" truecount="2" falsecount="0"/>
        <line num="13" count="83" type="stmt"/>
        <line num="14" count="83" type="stmt"/>
        <line num="15" count="83" type="stmt"/>
        <line num="19" count="94" type="stmt"/>
        <line num="23" count="83" type="stmt"/>
        <line num="27" count="83" type="stmt"/>
        <line num="31" count="3008" type="stmt"/>
        <line num="35" count="1504" type="stmt"/>
        <line num="39" count="752" type="stmt"/>
        <line num="43" count="376" type="stmt"/>
        <line num="47" count="188" type="stmt"/>
        <line num="51" count="94" type="stmt"/>
        <line num="55" count="242" type="cond" truecount="2" falsecount="0"/>
        <line num="56" count="28" type="stmt"/>
        <line num="58" count="214" type="stmt"/>
        <line num="62" count="166" type="cond" truecount="2" falsecount="0"/>
        <line num="63" count="76" type="cond" truecount="2" falsecount="0"/>
        <line num="64" count="14" type="stmt"/>
        <line num="66" count="62" type="stmt"/>
        <line num="68" count="90" type="stmt"/>
        <line num="72" count="83" type="stmt"/>
        <line num="76" count="6005" type="cond" truecount="2" falsecount="0"/>
        <line num="77" count="2855" type="stmt"/>
        <line num="79" count="3150" type="stmt"/>
        <line num="83" count="2855" type="stmt"/>
        <line num="84" count="1435" type="cond" truecount="2" falsecount="0"/>
        <line num="85" count="784" type="stmt"/>
        <line num="88" count="2071" type="stmt"/>
      </file>
    </package>
    <package name="src.utils">
      <metrics statements="78" coveredstatements="65" conditionals="56" coveredconditionals="47" methods="16" coveredmethods="12"/>
      <file name="DynamicTable.js" path="/home/brock/Documents/cs314/t17/client/src/utils/DynamicTable.js">
        <metrics statements="15" coveredstatements="2" conditionals="6" coveredconditionals="1" methods="5" coveredmethods="1"/>
        <line num="9" count="18" type="cond" truecount="1" falsecount="1"/>
        <line num="10" count="18" type="stmt"/>
        <line num="15" count="0" type="stmt"/>
        <line num="29" count="0" type="stmt"/>
        <line num="30" count="0" type="stmt"/>
        <line num="37" count="0" type="stmt"/>
        <line num="49" count="0" type="stmt"/>
        <line num="51" count="0" type="stmt"/>
        <line num="52" count="0" type="stmt"/>
        <line num="53" count="0" type="stmt"/>
        <line num="54" count="0" type="stmt"/>
        <line num="55" count="0" type="cond" truecount="0" falsecount="4"/>
        <line num="56" count="0" type="stmt"/>
        <line num="57" count="0" type="stmt"/>
        <line num="60" count="0" type="stmt"/>
      </file>
      <file name="constants.js" path="/home/brock/Documents/cs314/t17/client/src/utils/constants.js">
        <metrics statements="11" coveredstatements="11" conditionals="4" coveredconditionals="3" methods="1" coveredmethods="1"/>
        <line num="4" count="16" type="stmt"/>
        <line num="5" count="16" type="stmt"/>
        <line num="6" count="16" type="cond" truecount="1" falsecount="1"/>
        <line num="7" count="16" type="cond" truecount="2" falsecount="0"/>
        <line num="8" count="1" type="stmt"/>
        <line num="10" count="15" type="stmt"/>
        <line num="15" count="14" type="stmt"/>
        <line num="17" count="14" type="stmt"/>
        <line num="19" count="14" type="stmt"/>
        <line num="21" count="14" type="stmt"/>
        <line num="23" count="14" type="stmt"/>
      </file>
      <file name="restfulAPI.js" path="/home/brock/Documents/cs314/t17/client/src/utils/restfulAPI.js">
        <metrics statements="27" coveredstatements="27" conditionals="12" coveredconditionals="11" methods="4" coveredmethods="4"/>
        <line num="8" count="12" type="stmt"/>
        <line num="16" count="55" type="stmt"/>
        <line num="18" count="53" type="cond" truecount="2" falsecount="0"/>
        <line num="19" count="1" type="stmt"/>
        <line num="21" count="52" type="cond" truecount="2" falsecount="0"/>
        <line num="22" count="28" type="stmt"/>
        <line num="24" count="24" type="stmt"/>
        <line num="25" count="24" type="stmt"/>
        <line num="29" count="55" type="stmt"/>
        <line num="34" count="55" type="stmt"/>
        <line num="35" count="55" type="stmt"/>
        <line num="36" count="51" type="cond" truecount="2" falsecount="0"/>
        <line num="37" count="50" type="stmt"/>
        <line num="39" count="1" type="stmt"/>
        <line num="43" count="4" type="stmt"/>
        <line num="46" count="5" type="stmt"/>
        <line num="50" count="27" type="stmt"/>
        <line num="51" count="27" type="stmt"/>
        <line num="52" count="27" type="stmt"/>
        <line num="53" count="27" type="stmt"/>
        <line num="54" count="27" type="cond" truecount="1" falsecount="1"/>
        <line num="58" count="52" type="cond" truecount="4" falsecount="0"/>
        <line num="59" count="47" type="stmt"/>
        <line num="60" count="47" type="stmt"/>
        <line num="61" count="47" type="stmt"/>
        <line num="63" count="5" type="stmt"/>
        <line num="64" count="5" type="stmt"/>
      </file>
      <file name="reverseGeocode.js" path="/home/brock/Documents/cs314/t17/client/src/utils/reverseGeocode.js">
        <metrics statements="10" coveredstatements="10" conditionals="6" coveredconditionals="4" methods="1" coveredmethods="1"/>
        <line num="4" count="7" type="stmt"/>
        <line num="8" count="25" type="cond" truecount="2" falsecount="2"/>
        <line num="9" count="25" type="stmt"/>
        <line num="10" count="25" type="stmt"/>
        <line num="12" count="18" type="stmt"/>
        <line num="13" count="18" type="cond" truecount="2" falsecount="0"/>
        <line num="14" count="17" type="stmt"/>
        <line num="15" count="17" type="stmt"/>
        <line num="17" count="1" type="stmt"/>
        <line num="18" count="1" type="stmt"/>
      </file>
      <file name="transformers.js" path="/home/brock/Documents/cs314/t17/client/src/utils/transformers.js">
        <metrics statements="15" coveredstatements="15" conditionals="28" coveredconditionals="28" methods="5" coveredmethods="5"/>
        <line num="2" count="40" type="cond" truecount="2" falsecount="0"/>
        <line num="3" count="40" type="cond" truecount="2" falsecount="0"/>
        <line num="4" count="40" type="cond" truecount="5" falsecount="0"/>
        <line num="8" count="54" type="cond" truecount="5" falsecount="0"/>
        <line num="12" count="22" type="cond" truecount="5" falsecount="0"/>
        <line num="16" count="38" type="cond" truecount="2" falsecount="0"/>
        <line num="17" count="30" type="stmt"/>
        <line num="18" count="8" type="cond" truecount="2" falsecount="0"/>
        <line num="19" count="4" type="stmt"/>
        <line num="21" count="4" type="stmt"/>
        <line num="26" count="38" type="cond" truecount="2" falsecount="0"/>
        <line num="27" count="21" type="stmt"/>
        <line num="28" count="17" type="cond" truecount="2" falsecount="0"/>
        <line num="29" count="13" type="stmt"/>
        <line num="31" count="4" type="stmt"/>
      </file>
    </package>
  </project>
</coverage>
