{"/home/brock/Documents/cs314/t17/client/src/entry.js": {"path":"/home/brock/Documents/cs314/t17/client/src/entry.js","statementMap":{"0":{"start":{"line":6,"column":0},"end":{"line":6,"column":58}}},"fnMap":{},"branchMap":{},"s":{"0":0},"f":{},"b":{}}
,"/home/brock/Documents/cs314/t17/client/src/components/App.js": {"path":"/home/brock/Documents/cs314/t17/client/src/components/App.js","statementMap":{"0":{"start":{"line":6,"column":4},"end":{"line":10,"column":6}},"1":{"start":{"line":13,"column":26},"end":{"line":21,"column":1}},"2":{"start":{"line":14,"column":32},"end":{"line":14,"column":45}},"3":{"start":{"line":17,"column":8},"end":{"line":17,"column":54}},"4":{"start":{"line":20,"column":4},"end":{"line":20,"column":46}}},"fnMap":{"0":{"name":"App","decl":{"start":{"line":5,"column":24},"end":{"line":5,"column":27}},"loc":{"start":{"line":5,"column":30},"end":{"line":11,"column":1}},"line":5},"1":{"name":"(anonymous_1)","decl":{"start":{"line":13,"column":26},"end":{"line":13,"column":27}},"loc":{"start":{"line":13,"column":32},"end":{"line":21,"column":1}},"line":13},"2":{"name":"showMessage","decl":{"start":{"line":16,"column":13},"end":{"line":16,"column":24}},"loc":{"start":{"line":16,"column":52},"end":{"line":18,"column":5}},"line":16}},"branchMap":{"0":{"loc":{"start":{"line":16,"column":34},"end":{"line":16,"column":50}},"type":"default-arg","locations":[{"start":{"line":16,"column":44},"end":{"line":16,"column":50}}],"line":16}},"s":{"0":1,"1":1,"2":1,"3":1,"4":1},"f":{"0":1,"1":1,"2":1},"b":{"0":[0]},"_coverageSchema":"1a1c01bbd47fc00a2c39e90264f33305004495a9","hash":"3d8ebfb26708fbca0d3a28d8618557bfc27e9bd0"}
,"/home/brock/Documents/cs314/t17/client/src/components/Page.js": {"path":"/home/brock/Documents/cs314/t17/client/src/components/Page.js","statementMap":{"0":{"start":{"line":12,"column":34},"end":{"line":12,"column":50}},"1":{"start":{"line":13,"column":54},"end":{"line":13,"column":90}},"2":{"start":{"line":15,"column":1},"end":{"line":31,"column":2}},"3":{"start":{"line":35,"column":35},"end":{"line":35,"column":67}},"4":{"start":{"line":36,"column":41},"end":{"line":36,"column":55}},"5":{"start":{"line":38,"column":1},"end":{"line":40,"column":8}},"6":{"start":{"line":39,"column":2},"end":{"line":39,"column":22}},"7":{"start":{"line":43,"column":2},"end":{"line":43,"column":40}},"8":{"start":{"line":44,"column":2},"end":{"line":44,"column":26}},"9":{"start":{"line":45,"column":2},"end":{"line":45,"column":20}},"10":{"start":{"line":49,"column":25},"end":{"line":49,"column":83}},"11":{"start":{"line":50,"column":2},"end":{"line":55,"column":3}},"12":{"start":{"line":51,"column":3},"end":{"line":51,"column":57}},"13":{"start":{"line":53,"column":3},"end":{"line":53,"column":25}},"14":{"start":{"line":54,"column":3},"end":{"line":54,"column":98}},"15":{"start":{"line":58,"column":1},"end":{"line":58,"column":91}}},"fnMap":{"0":{"name":"Page","decl":{"start":{"line":11,"column":24},"end":{"line":11,"column":28}},"loc":{"start":{"line":11,"column":36},"end":{"line":32,"column":1}},"line":11},"1":{"name":"useServerSettings","decl":{"start":{"line":34,"column":9},"end":{"line":34,"column":26}},"loc":{"start":{"line":34,"column":40},"end":{"line":59,"column":1}},"line":34},"2":{"name":"(anonymous_2)","decl":{"start":{"line":38,"column":11},"end":{"line":38,"column":12}},"loc":{"start":{"line":38,"column":17},"end":{"line":40,"column":2}},"line":38},"3":{"name":"processServerConfigSuccess","decl":{"start":{"line":42,"column":10},"end":{"line":42,"column":36}},"loc":{"start":{"line":42,"column":50},"end":{"line":46,"column":2}},"line":42},"4":{"name":"sendConfigRequest","decl":{"start":{"line":48,"column":16},"end":{"line":48,"column":33}},"loc":{"start":{"line":48,"column":36},"end":{"line":56,"column":2}},"line":48}},"branchMap":{"0":{"loc":{"start":{"line":50,"column":2},"end":{"line":55,"column":3}},"type":"if","locations":[{"start":{"line":50,"column":2},"end":{"line":55,"column":3}},{"start":{"line":52,"column":9},"end":{"line":55,"column":3}}],"line":50}},"s":{"0":8,"1":8,"2":8,"3":8,"4":8,"5":8,"6":3,"7":2,"8":2,"9":2,"10":3,"11":3,"12":2,"13":1,"14":1,"15":8},"f":{"0":8,"1":8,"2":3,"3":2,"4":3},"b":{"0":[2,1]},"_coverageSchema":"1a1c01bbd47fc00a2c39e90264f33305004495a9","hash":"81d655b4fee61ae3f96f85b5fd2a9b6310be86de"}
,"/home/brock/Documents/cs314/t17/client/src/components/About/About.js": {"path":"/home/brock/Documents/cs314/t17/client/src/components/About/About.js","statementMap":{"0":{"start":{"line":8,"column":4},"end":{"line":14,"column":6}},"1":{"start":{"line":18,"column":4},"end":{"line":29,"column":6}},"2":{"start":{"line":33,"column":4},"end":{"line":42,"column":6}},"3":{"start":{"line":46,"column":4},"end":{"line":58,"column":6}},"4":{"start":{"line":49,"column":16},"end":{"line":55,"column":18}}},"fnMap":{"0":{"name":"About","decl":{"start":{"line":7,"column":24},"end":{"line":7,"column":29}},"loc":{"start":{"line":7,"column":37},"end":{"line":15,"column":1}},"line":7},"1":{"name":"AboutHeader","decl":{"start":{"line":17,"column":9},"end":{"line":17,"column":20}},"loc":{"start":{"line":17,"column":28},"end":{"line":30,"column":1}},"line":17},"2":{"name":"TeamCard","decl":{"start":{"line":32,"column":9},"end":{"line":32,"column":17}},"loc":{"start":{"line":32,"column":20},"end":{"line":43,"column":1}},"line":32},"3":{"name":"MemberCards","decl":{"start":{"line":45,"column":9},"end":{"line":45,"column":20}},"loc":{"start":{"line":45,"column":23},"end":{"line":59,"column":1}},"line":45},"4":{"name":"(anonymous_4)","decl":{"start":{"line":48,"column":28},"end":{"line":48,"column":29}},"loc":{"start":{"line":49,"column":16},"end":{"line":55,"column":18}},"line":49}},"branchMap":{},"s":{"0":6,"1":6,"2":6,"3":6,"4":30},"f":{"0":6,"1":6,"2":6,"3":6,"4":30},"b":{},"_coverageSchema":"1a1c01bbd47fc00a2c39e90264f33305004495a9","hash":"57a592d45b0468084afc533438a888c5d2576bab"}
,"/home/brock/Documents/cs314/t17/client/src/components/About/AboutCard.js": {"path":"/home/brock/Documents/cs314/t17/client/src/components/About/AboutCard.js","statementMap":{"0":{"start":{"line":5,"column":22},"end":{"line":7,"column":49}},"1":{"start":{"line":9,"column":4},"end":{"line":20,"column":6}}},"fnMap":{"0":{"name":"AboutCard","decl":{"start":{"line":4,"column":24},"end":{"line":4,"column":33}},"loc":{"start":{"line":4,"column":41},"end":{"line":21,"column":1}},"line":4}},"branchMap":{"0":{"loc":{"start":{"line":5,"column":22},"end":{"line":7,"column":49}},"type":"cond-expr","locations":[{"start":{"line":6,"column":10},"end":{"line":6,"column":20}},{"start":{"line":7,"column":10},"end":{"line":7,"column":49}}],"line":5}},"s":{"0":36,"1":36},"f":{"0":36},"b":{"0":[6,30]},"_coverageSchema":"1a1c01bbd47fc00a2c39e90264f33305004495a9","hash":"feb0f83342356a4657dfcfde880a08fae5a54f26"}
,"/home/brock/Documents/cs314/t17/client/src/components/About/teamInfo.js": {"path":"/home/brock/Documents/cs314/t17/client/src/components/About/teamInfo.js","statementMap":{"0":{"start":{"line":9,"column":4},"end":{"line":13,"column":5}},"1":{"start":{"line":16,"column":26},"end":{"line":47,"column":1}}},"fnMap":{},"branchMap":{},"s":{"0":2,"1":2},"f":{},"b":{},"_coverageSchema":"1a1c01bbd47fc00a2c39e90264f33305004495a9","hash":"3d464ea6d2910063ff1cd8371bfe264aa1ee24b1"}
,"/home/brock/Documents/cs314/t17/client/src/components/Margins/Footer.js": {"path":"/home/brock/Documents/cs314/t17/client/src/components/Margins/Footer.js","statementMap":{"0":{"start":{"line":8,"column":28},"end":{"line":8,"column":42}},"1":{"start":{"line":9,"column":29},"end":{"line":9,"column":37}},"2":{"start":{"line":10,"column":28},"end":{"line":10,"column":37}},"3":{"start":{"line":13,"column":55},"end":{"line":13,"column":71}},"4":{"start":{"line":15,"column":4},"end":{"line":19,"column":6}},"5":{"start":{"line":24,"column":29},"end":{"line":24,"column":62}},"6":{"start":{"line":25,"column":8},"end":{"line":25,"column":55}},"7":{"start":{"line":27,"column":23},"end":{"line":27,"column":116}},"8":{"start":{"line":28,"column":29},"end":{"line":28,"column":98}},"9":{"start":{"line":30,"column":4},"end":{"line":48,"column":6}}},"fnMap":{"0":{"name":"Footer","decl":{"start":{"line":12,"column":24},"end":{"line":12,"column":30}},"loc":{"start":{"line":12,"column":38},"end":{"line":20,"column":1}},"line":12},"1":{"name":"ServerInformation","decl":{"start":{"line":22,"column":9},"end":{"line":22,"column":26}},"loc":{"start":{"line":22,"column":34},"end":{"line":49,"column":1}},"line":22},"2":{"name":"connectedToValidServer","decl":{"start":{"line":23,"column":13},"end":{"line":23,"column":35}},"loc":{"start":{"line":23,"column":38},"end":{"line":26,"column":5}},"line":23}},"branchMap":{"0":{"loc":{"start":{"line":25,"column":15},"end":{"line":25,"column":54}},"type":"binary-expr","locations":[{"start":{"line":25,"column":15},"end":{"line":25,"column":27}},{"start":{"line":25,"column":31},"end":{"line":25,"column":54}}],"line":25},"1":{"loc":{"start":{"line":27,"column":23},"end":{"line":27,"column":116}},"type":"cond-expr","locations":[{"start":{"line":27,"column":50},"end":{"line":27,"column":94}},{"start":{"line":27,"column":97},"end":{"line":27,"column":116}}],"line":27},"2":{"loc":{"start":{"line":28,"column":29},"end":{"line":28,"column":98}},"type":"cond-expr","locations":[{"start":{"line":28,"column":56},"end":{"line":28,"column":75}},{"start":{"line":28,"column":78},"end":{"line":28,"column":98}}],"line":28}},"s":{"0":3,"1":3,"2":3,"3":12,"4":12,"5":24,"6":24,"7":12,"8":12,"9":12},"f":{"0":12,"1":12,"2":24},"b":{"0":[24,16],"1":[8,4],"2":[8,4]},"_coverageSchema":"1a1c01bbd47fc00a2c39e90264f33305004495a9","hash":"d683ed5ae227c1707761669c9fdd86cbc519077f"}
,"/home/brock/Documents/cs314/t17/client/src/components/Margins/Header.js": {"path":"/home/brock/Documents/cs314/t17/client/src/components/Margins/Header.js","statementMap":{"0":{"start":{"line":6,"column":19},"end":{"line":6,"column":52}},"1":{"start":{"line":9,"column":4},"end":{"line":22,"column":6}}},"fnMap":{"0":{"name":"Header","decl":{"start":{"line":8,"column":24},"end":{"line":8,"column":30}},"loc":{"start":{"line":8,"column":38},"end":{"line":23,"column":1}},"line":8}},"branchMap":{},"s":{"0":2,"1":6},"f":{"0":6},"b":{},"_coverageSchema":"1a1c01bbd47fc00a2c39e90264f33305004495a9","hash":"2e356a8f65d8c40998e01d8a519ba39eb68ff85b"}
,"/home/brock/Documents/cs314/t17/client/src/components/Margins/ServerSettings.js": {"path":"/home/brock/Documents/cs314/t17/client/src/components/Margins/ServerSettings.js","statementMap":{"0":{"start":{"line":7,"column":10},"end":{"line":7,"column":84}},"1":{"start":{"line":10,"column":8},"end":{"line":10,"column":51}},"2":{"start":{"line":13,"column":4},"end":{"line":32,"column":6}},"3":{"start":{"line":36,"column":4},"end":{"line":41,"column":5}},"4":{"start":{"line":37,"column":8},"end":{"line":37,"column":33}},"5":{"start":{"line":39,"column":9},"end":{"line":41,"column":5}},"6":{"start":{"line":40,"column":8},"end":{"line":40,"column":54}},"7":{"start":{"line":42,"column":4},"end":{"line":42,"column":14}},"8":{"start":{"line":46,"column":4},"end":{"line":50,"column":6}},"9":{"start":{"line":55,"column":8},"end":{"line":61,"column":10}},"10":{"start":{"line":58,"column":31},"end":{"line":58,"column":67}},"11":{"start":{"line":63,"column":4},"end":{"line":74,"column":6}},"12":{"start":{"line":78,"column":4},"end":{"line":96,"column":4}},"13":{"start":{"line":86,"column":7},"end":{"line":89,"column":13}},"14":{"start":{"line":100,"column":4},"end":{"line":112,"column":6}},"15":{"start":{"line":104,"column":16},"end":{"line":104,"column":82}},"16":{"start":{"line":105,"column":16},"end":{"line":105,"column":52}},"17":{"start":{"line":116,"column":4},"end":{"line":116,"column":99}},"18":{"start":{"line":116,"column":40},"end":{"line":116,"column":90}}},"fnMap":{"0":{"name":"ServerSettings","decl":{"start":{"line":5,"column":24},"end":{"line":5,"column":38}},"loc":{"start":{"line":5,"column":46},"end":{"line":33,"column":1}},"line":5},"1":{"name":"closeModalWithoutSaving","decl":{"start":{"line":9,"column":13},"end":{"line":9,"column":36}},"loc":{"start":{"line":9,"column":39},"end":{"line":11,"column":5}},"line":9},"2":{"name":"getCurrentServerName","decl":{"start":{"line":35,"column":9},"end":{"line":35,"column":29}},"loc":{"start":{"line":35,"column":54},"end":{"line":43,"column":1}},"line":35},"3":{"name":"Header","decl":{"start":{"line":45,"column":9},"end":{"line":45,"column":15}},"loc":{"start":{"line":45,"column":23},"end":{"line":51,"column":1}},"line":45},"4":{"name":"Body","decl":{"start":{"line":53,"column":9},"end":{"line":53,"column":13}},"loc":{"start":{"line":53,"column":21},"end":{"line":75,"column":1}},"line":53},"5":{"name":"(anonymous_5)","decl":{"start":{"line":58,"column":22},"end":{"line":58,"column":23}},"loc":{"start":{"line":58,"column":29},"end":{"line":58,"column":69}},"line":58},"6":{"name":"SettingsRow","decl":{"start":{"line":77,"column":9},"end":{"line":77,"column":20}},"loc":{"start":{"line":77,"column":37},"end":{"line":97,"column":1}},"line":77},"7":{"name":"(anonymous_7)","decl":{"start":{"line":85,"column":17},"end":{"line":85,"column":18}},"loc":{"start":{"line":86,"column":7},"end":{"line":89,"column":13}},"line":86},"8":{"name":"Footer","decl":{"start":{"line":99,"column":9},"end":{"line":99,"column":15}},"loc":{"start":{"line":99,"column":23},"end":{"line":113,"column":1}},"line":99},"9":{"name":"(anonymous_9)","decl":{"start":{"line":103,"column":45},"end":{"line":103,"column":46}},"loc":{"start":{"line":103,"column":51},"end":{"line":106,"column":13}},"line":103},"10":{"name":"buildFeaturesList","decl":{"start":{"line":115,"column":9},"end":{"line":115,"column":26}},"loc":{"start":{"line":115,"column":40},"end":{"line":117,"column":1}},"line":115},"11":{"name":"(anonymous_11)","decl":{"start":{"line":116,"column":29},"end":{"line":116,"column":30}},"loc":{"start":{"line":116,"column":40},"end":{"line":116,"column":90}},"line":116}},"branchMap":{"0":{"loc":{"start":{"line":36,"column":4},"end":{"line":41,"column":5}},"type":"if","locations":[{"start":{"line":36,"column":4},"end":{"line":41,"column":5}},{"start":{"line":39,"column":9},"end":{"line":41,"column":5}}],"line":36},"1":{"loc":{"start":{"line":39,"column":9},"end":{"line":41,"column":5}},"type":"if","locations":[{"start":{"line":39,"column":9},"end":{"line":41,"column":5}},{"start":{},"end":{}}],"line":39},"2":{"loc":{"start":{"line":84,"column":6},"end":{"line":93,"column":6}},"type":"cond-expr","locations":[{"start":{"line":85,"column":6},"end":{"line":90,"column":8}},{"start":{"line":92,"column":6},"end":{"line":92,"column":24}}],"line":84}},"s":{"0":110,"1":1,"2":110,"3":110,"4":23,"5":87,"6":83,"7":4,"8":94,"9":94,"10":74,"11":94,"12":282,"13":87,"14":94,"15":1,"16":1,"17":94,"18":87},"f":{"0":110,"1":1,"2":110,"3":94,"4":94,"5":74,"6":282,"7":87,"8":94,"9":1,"10":94,"11":87},"b":{"0":[23,87],"1":[83,4],"2":[94,188]},"_coverageSchema":"1a1c01bbd47fc00a2c39e90264f33305004495a9","hash":"8fa55423fa6cabf2713e5f121626e72e68c45990"}
,"/home/brock/Documents/cs314/t17/client/src/components/Trip/Planner.js": {"path":"/home/brock/Documents/cs314/t17/client/src/components/Trip/Planner.js","statementMap":{"0":{"start":{"line":9,"column":159},"end":{"line":9,"column":170}},"1":{"start":{"line":10,"column":30},"end":{"line":10,"column":47}},"2":{"start":{"line":11,"column":23},"end":{"line":11,"column":186}},"3":{"start":{"line":12,"column":4},"end":{"line":21,"column":6}},"4":{"start":{"line":24,"column":4},"end":{"line":32,"column":6}},"5":{"start":{"line":35,"column":4},"end":{"line":53,"column":6}},"6":{"start":{"line":57,"column":4},"end":{"line":63,"column":6}}},"fnMap":{"0":{"name":"Planner","decl":{"start":{"line":8,"column":24},"end":{"line":8,"column":31}},"loc":{"start":{"line":8,"column":39},"end":{"line":22,"column":1}},"line":8},"1":{"name":"buildMap","decl":{"start":{"line":23,"column":9},"end":{"line":23,"column":17}},"loc":{"start":{"line":23,"column":30},"end":{"line":33,"column":1}},"line":23},"2":{"name":"buildItinerary","decl":{"start":{"line":34,"column":9},"end":{"line":34,"column":23}},"loc":{"start":{"line":34,"column":47},"end":{"line":54,"column":1}},"line":34},"3":{"name":"Section","decl":{"start":{"line":56,"column":9},"end":{"line":56,"column":16}},"loc":{"start":{"line":56,"column":24},"end":{"line":64,"column":1}},"line":56}},"branchMap":{},"s":{"0":8,"1":8,"2":8,"3":8,"4":8,"5":8,"6":16},"f":{"0":8,"1":8,"2":8,"3":16},"b":{},"_coverageSchema":"1a1c01bbd47fc00a2c39e90264f33305004495a9","hash":"9b5efe7bd9a91d98bf5213b04b0f65dcc3d9f1c2"}
,"/home/brock/Documents/cs314/t17/client/src/components/Trip/Itinerary/AddPlace.js": {"path":"/home/brock/Documents/cs314/t17/client/src/components/Trip/Itinerary/AddPlace.js","statementMap":{"0":{"start":{"line":19,"column":37},"end":{"line":19,"column":47}},"1":{"start":{"line":20,"column":39},"end":{"line":20,"column":51}},"2":{"start":{"line":21,"column":37},"end":{"line":21,"column":49}},"3":{"start":{"line":22,"column":1},"end":{"line":43,"column":3}},"4":{"start":{"line":23,"column":76},"end":{"line":23,"column":93}},"5":{"start":{"line":47,"column":1},"end":{"line":51,"column":3}},"6":{"start":{"line":55,"column":1},"end":{"line":57,"column":25}},"7":{"start":{"line":56,"column":2},"end":{"line":56,"column":60}},"8":{"start":{"line":58,"column":1},"end":{"line":60,"column":24}},"9":{"start":{"line":59,"column":2},"end":{"line":59,"column":72}},"10":{"start":{"line":61,"column":1},"end":{"line":70,"column":3}},"11":{"start":{"line":73,"column":1},"end":{"line":85,"column":3}},"12":{"start":{"line":76,"column":25},"end":{"line":76,"column":59}},"13":{"start":{"line":88,"column":1},"end":{"line":103,"column":2}},"14":{"start":{"line":91,"column":25},"end":{"line":91,"column":64}},"15":{"start":{"line":107,"column":1},"end":{"line":112,"column":3}},"16":{"start":{"line":116,"column":21},"end":{"line":116,"column":23}},"17":{"start":{"line":117,"column":1},"end":{"line":120,"column":2}},"18":{"start":{"line":117,"column":14},"end":{"line":117,"column":15}},"19":{"start":{"line":118,"column":22},"end":{"line":118,"column":53}},"20":{"start":{"line":119,"column":2},"end":{"line":119,"column":50}},"21":{"start":{"line":121,"column":1},"end":{"line":132,"column":2}},"22":{"start":{"line":136,"column":1},"end":{"line":150,"column":3}},"23":{"start":{"line":141,"column":5},"end":{"line":141,"column":36}},"24":{"start":{"line":142,"column":5},"end":{"line":142,"column":30}},"25":{"start":{"line":154,"column":1},"end":{"line":164,"column":2}},"26":{"start":{"line":155,"column":22},"end":{"line":155,"column":50}},"27":{"start":{"line":156,"column":14},"end":{"line":156,"column":39}},"28":{"start":{"line":157,"column":14},"end":{"line":157,"column":40}},"29":{"start":{"line":158,"column":2},"end":{"line":161,"column":3}},"30":{"start":{"line":159,"column":21},"end":{"line":159,"column":55}},"31":{"start":{"line":160,"column":3},"end":{"line":160,"column":28}},"32":{"start":{"line":163,"column":2},"end":{"line":163,"column":27}},"33":{"start":{"line":168,"column":1},"end":{"line":174,"column":2}},"34":{"start":{"line":169,"column":2},"end":{"line":171,"column":3}},"35":{"start":{"line":170,"column":3},"end":{"line":170,"column":54}},"36":{"start":{"line":173,"column":2},"end":{"line":173,"column":28}}},"fnMap":{"0":{"name":"AddPlace","decl":{"start":{"line":18,"column":24},"end":{"line":18,"column":32}},"loc":{"start":{"line":18,"column":40},"end":{"line":44,"column":1}},"line":18},"1":{"name":"(anonymous_1)","decl":{"start":{"line":23,"column":71},"end":{"line":23,"column":72}},"loc":{"start":{"line":23,"column":76},"end":{"line":23,"column":93}},"line":23},"2":{"name":"AddPlaceHeader","decl":{"start":{"line":46,"column":9},"end":{"line":46,"column":23}},"loc":{"start":{"line":46,"column":31},"end":{"line":52,"column":1}},"line":46},"3":{"name":"PlaceSearch","decl":{"start":{"line":54,"column":9},"end":{"line":54,"column":20}},"loc":{"start":{"line":54,"column":28},"end":{"line":71,"column":1}},"line":54},"4":{"name":"(anonymous_4)","decl":{"start":{"line":55,"column":11},"end":{"line":55,"column":12}},"loc":{"start":{"line":55,"column":17},"end":{"line":57,"column":2}},"line":55},"5":{"name":"(anonymous_5)","decl":{"start":{"line":58,"column":11},"end":{"line":58,"column":12}},"loc":{"start":{"line":58,"column":17},"end":{"line":60,"column":2}},"line":58},"6":{"name":"buildCoordInput","decl":{"start":{"line":72,"column":9},"end":{"line":72,"column":24}},"loc":{"start":{"line":72,"column":66},"end":{"line":86,"column":1}},"line":72},"7":{"name":"(anonymous_7)","decl":{"start":{"line":76,"column":14},"end":{"line":76,"column":15}},"loc":{"start":{"line":76,"column":25},"end":{"line":76,"column":59}},"line":76},"8":{"name":"buildTextInput","decl":{"start":{"line":87,"column":9},"end":{"line":87,"column":23}},"loc":{"start":{"line":87,"column":31},"end":{"line":104,"column":1}},"line":87},"9":{"name":"(anonymous_9)","decl":{"start":{"line":91,"column":14},"end":{"line":91,"column":15}},"loc":{"start":{"line":91,"column":25},"end":{"line":91,"column":64}},"line":91},"10":{"name":"PlaceInfo","decl":{"start":{"line":106,"column":9},"end":{"line":106,"column":18}},"loc":{"start":{"line":106,"column":26},"end":{"line":113,"column":1}},"line":106},"11":{"name":"FoundPlacesInfo","decl":{"start":{"line":114,"column":9},"end":{"line":114,"column":24}},"loc":{"start":{"line":114,"column":32},"end":{"line":133,"column":1}},"line":114},"12":{"name":"AddPlaceFooter","decl":{"start":{"line":135,"column":9},"end":{"line":135,"column":23}},"loc":{"start":{"line":135,"column":31},"end":{"line":151,"column":1}},"line":135},"13":{"name":"(anonymous_13)","decl":{"start":{"line":140,"column":13},"end":{"line":140,"column":14}},"loc":{"start":{"line":140,"column":19},"end":{"line":143,"column":5}},"line":140},"14":{"name":"verifyCoordinates","decl":{"start":{"line":153,"column":22},"end":{"line":153,"column":39}},"loc":{"start":{"line":153,"column":68},"end":{"line":165,"column":1}},"line":153},"15":{"name":"verifyString","decl":{"start":{"line":167,"column":15},"end":{"line":167,"column":27}},"loc":{"start":{"line":167,"column":67},"end":{"line":175,"column":1}},"line":167}},"branchMap":{"0":{"loc":{"start":{"line":158,"column":2},"end":{"line":161,"column":3}},"type":"if","locations":[{"start":{"line":158,"column":2},"end":{"line":161,"column":3}},{"start":{},"end":{}}],"line":158},"1":{"loc":{"start":{"line":158,"column":6},"end":{"line":158,"column":44}},"type":"binary-expr","locations":[{"start":{"line":158,"column":6},"end":{"line":158,"column":23}},{"start":{"line":158,"column":27},"end":{"line":158,"column":44}}],"line":158},"2":{"loc":{"start":{"line":169,"column":2},"end":{"line":171,"column":3}},"type":"if","locations":[{"start":{"line":169,"column":2},"end":{"line":171,"column":3}},{"start":{},"end":{}}],"line":169}},"s":{"0":42,"1":42,"2":42,"3":42,"4":0,"5":18,"6":18,"7":18,"8":18,"9":2,"10":18,"11":18,"12":16,"13":18,"14":0,"15":18,"16":18,"17":18,"18":18,"19":0,"20":0,"21":18,"22":18,"23":0,"24":0,"25":18,"26":18,"27":7,"28":7,"29":7,"30":7,"31":0,"32":18,"33":2,"34":2,"35":0,"36":0},"f":{"0":42,"1":0,"2":18,"3":18,"4":18,"5":2,"6":18,"7":16,"8":18,"9":0,"10":18,"11":18,"12":18,"13":0,"14":18,"15":2},"b":{"0":[7,0],"1":[7,7],"2":[0,2]},"_coverageSchema":"1a1c01bbd47fc00a2c39e90264f33305004495a9","hash":"ca57c30c56ef501ea109d7de1850326e46992adb"}
,"/home/brock/Documents/cs314/t17/client/src/components/Trip/Itinerary/DistancesRequest.js": {"path":"/home/brock/Documents/cs314/t17/client/src/components/Trip/Itinerary/DistancesRequest.js","statementMap":{"0":{"start":{"line":4,"column":4},"end":{"line":4,"column":68}},"1":{"start":{"line":8,"column":1},"end":{"line":8,"column":42}},"2":{"start":{"line":14,"column":29},"end":{"line":14,"column":133}},"3":{"start":{"line":15,"column":4},"end":{"line":20,"column":5}},"4":{"start":{"line":16,"column":8},"end":{"line":16,"column":71}},"5":{"start":{"line":18,"column":8},"end":{"line":18,"column":27}},"6":{"start":{"line":19,"column":8},"end":{"line":19,"column":108}}},"fnMap":{"0":{"name":"DistancesRequest","decl":{"start":{"line":3,"column":24},"end":{"line":3,"column":40}},"loc":{"start":{"line":3,"column":85},"end":{"line":6,"column":1}},"line":3},"1":{"name":"processDistanceResponseSuccess","decl":{"start":{"line":7,"column":9},"end":{"line":7,"column":39}},"loc":{"start":{"line":7,"column":72},"end":{"line":10,"column":1}},"line":7},"2":{"name":"sendDistanceRequest","decl":{"start":{"line":12,"column":15},"end":{"line":12,"column":34}},"loc":{"start":{"line":12,"column":79},"end":{"line":21,"column":1}},"line":12}},"branchMap":{"0":{"loc":{"start":{"line":15,"column":4},"end":{"line":20,"column":5}},"type":"if","locations":[{"start":{"line":15,"column":4},"end":{"line":20,"column":5}},{"start":{"line":17,"column":11},"end":{"line":20,"column":5}}],"line":15}},"s":{"0":18,"1":1,"2":18,"3":18,"4":1,"5":17,"6":17},"f":{"0":18,"1":1,"2":18},"b":{"0":[1,17]},"_coverageSchema":"1a1c01bbd47fc00a2c39e90264f33305004495a9","hash":"64617975a6f5fe2851892b7a6e14d21e0443ef44"}
,"/home/brock/Documents/cs314/t17/client/src/components/Trip/Itinerary/FileLoaderApp.js": {"path":"/home/brock/Documents/cs314/t17/client/src/components/Trip/Itinerary/FileLoaderApp.js","statementMap":{"0":{"start":{"line":14,"column":22},"end":{"line":14,"column":63}},"1":{"start":{"line":19,"column":20},"end":{"line":19,"column":46}},"2":{"start":{"line":20,"column":22},"end":{"line":20,"column":43}},"3":{"start":{"line":21,"column":3},"end":{"line":21,"column":39}},"4":{"start":{"line":24,"column":1},"end":{"line":37,"column":3}},"5":{"start":{"line":41,"column":1},"end":{"line":44,"column":5}},"6":{"start":{"line":42,"column":3},"end":{"line":44,"column":5}},"7":{"start":{"line":46,"column":2},"end":{"line":49,"column":4}}},"fnMap":{"0":{"name":"FileLoaderApp","decl":{"start":{"line":16,"column":25},"end":{"line":16,"column":38}},"loc":{"start":{"line":16,"column":46},"end":{"line":38,"column":3}},"line":16},"1":{"name":"handleFileUpload","decl":{"start":{"line":18,"column":10},"end":{"line":18,"column":26}},"loc":{"start":{"line":18,"column":34},"end":{"line":22,"column":2}},"line":18},"2":{"name":"FileDisplay","decl":{"start":{"line":40,"column":11},"end":{"line":40,"column":22}},"loc":{"start":{"line":40,"column":30},"end":{"line":50,"column":3}},"line":40}},"branchMap":{"0":{"loc":{"start":{"line":41,"column":1},"end":{"line":44,"column":5}},"type":"if","locations":[{"start":{"line":41,"column":1},"end":{"line":44,"column":5}},{"start":{},"end":{}}],"line":41}},"s":{"0":6,"1":0,"2":0,"3":0,"4":4,"5":4,"6":0,"7":4},"f":{"0":4,"1":0,"2":4},"b":{"0":[0,4]},"_coverageSchema":"1a1c01bbd47fc00a2c39e90264f33305004495a9","hash":"293de7d3c8bd49711aa4baaf3cbdc3e1d8257e1a"}
,"/home/brock/Documents/cs314/t17/client/src/components/Trip/Itinerary/FindRequest.js": {"path":"/home/brock/Documents/cs314/t17/client/src/components/Trip/Itinerary/FindRequest.js","statementMap":{"0":{"start":{"line":4,"column":4},"end":{"line":4,"column":59}},"1":{"start":{"line":7,"column":4},"end":{"line":7,"column":40}},"2":{"start":{"line":12,"column":25},"end":{"line":12,"column":111}},"3":{"start":{"line":13,"column":4},"end":{"line":19,"column":5}},"4":{"start":{"line":14,"column":8},"end":{"line":14,"column":65}},"5":{"start":{"line":17,"column":8},"end":{"line":17,"column":29}},"6":{"start":{"line":18,"column":8},"end":{"line":18,"column":103}}},"fnMap":{"0":{"name":"FindRequest","decl":{"start":{"line":3,"column":24},"end":{"line":3,"column":35}},"loc":{"start":{"line":3,"column":75},"end":{"line":5,"column":1}},"line":3},"1":{"name":"processFindResponseSuccess","decl":{"start":{"line":6,"column":9},"end":{"line":6,"column":35}},"loc":{"start":{"line":6,"column":66},"end":{"line":8,"column":1}},"line":6},"2":{"name":"sendFindRequest","decl":{"start":{"line":10,"column":15},"end":{"line":10,"column":30}},"loc":{"start":{"line":10,"column":70},"end":{"line":20,"column":1}},"line":10}},"branchMap":{"0":{"loc":{"start":{"line":13,"column":4},"end":{"line":19,"column":5}},"type":"if","locations":[{"start":{"line":13,"column":4},"end":{"line":19,"column":5}},{"start":{"line":16,"column":9},"end":{"line":19,"column":5}}],"line":13}},"s":{"0":2,"1":0,"2":2,"3":0,"4":0,"5":0,"6":0},"f":{"0":2,"1":0,"2":2},"b":{"0":[0,0]},"_coverageSchema":"1a1c01bbd47fc00a2c39e90264f33305004495a9","hash":"206b04439f6160cf1300bc242866df550e38f333"}
,"/home/brock/Documents/cs314/t17/client/src/components/Trip/Itinerary/Itinerary.js": {"path":"/home/brock/Documents/cs314/t17/client/src/components/Trip/Itinerary/Itinerary.js","statementMap":{"0":{"start":{"line":14,"column":8},"end":{"line":14,"column":58}},"1":{"start":{"line":16,"column":4},"end":{"line":30,"column":6}},"2":{"start":{"line":33,"column":1},"end":{"line":52,"column":3}},"3":{"start":{"line":56,"column":40},"end":{"line":56,"column":56}},"4":{"start":{"line":57,"column":40},"end":{"line":57,"column":56}},"5":{"start":{"line":58,"column":43},"end":{"line":58,"column":59}},"6":{"start":{"line":59,"column":40},"end":{"line":59,"column":56}},"7":{"start":{"line":60,"column":40},"end":{"line":60,"column":56}},"8":{"start":{"line":61,"column":19},"end":{"line":61,"column":103}},"9":{"start":{"line":62,"column":1},"end":{"line":78,"column":3}},"10":{"start":{"line":81,"column":1},"end":{"line":96,"column":3}},"11":{"start":{"line":99,"column":1},"end":{"line":109,"column":3}},"12":{"start":{"line":112,"column":1},"end":{"line":122,"column":3}},"13":{"start":{"line":125,"column":1},"end":{"line":140,"column":3}},"14":{"start":{"line":143,"column":1},"end":{"line":157,"column":3}},"15":{"start":{"line":161,"column":1},"end":{"line":169,"column":2}},"16":{"start":{"line":174,"column":21},"end":{"line":174,"column":60}},"17":{"start":{"line":175,"column":1},"end":{"line":184,"column":3}},"18":{"start":{"line":187,"column":21},"end":{"line":187,"column":22}},"19":{"start":{"line":188,"column":1},"end":{"line":190,"column":2}},"20":{"start":{"line":188,"column":14},"end":{"line":188,"column":15}},"21":{"start":{"line":189,"column":2},"end":{"line":189,"column":32}},"22":{"start":{"line":191,"column":1},"end":{"line":191,"column":22}},"23":{"start":{"line":194,"column":1},"end":{"line":209,"column":3}},"24":{"start":{"line":197,"column":4},"end":{"line":206,"column":6}},"25":{"start":{"line":213,"column":44},"end":{"line":213,"column":60}},"26":{"start":{"line":214,"column":14},"end":{"line":214,"column":44}},"27":{"start":{"line":215,"column":18},"end":{"line":215,"column":58}},"28":{"start":{"line":216,"column":29},"end":{"line":216,"column":73}},"29":{"start":{"line":217,"column":1},"end":{"line":235,"column":3}},"30":{"start":{"line":221,"column":19},"end":{"line":221,"column":98}},"31":{"start":{"line":238,"column":22},"end":{"line":238,"column":23}},"32":{"start":{"line":239,"column":29},"end":{"line":239,"column":31}},"33":{"start":{"line":240,"column":1},"end":{"line":243,"column":2}},"34":{"start":{"line":240,"column":14},"end":{"line":240,"column":15}},"35":{"start":{"line":241,"column":2},"end":{"line":241,"column":44}},"36":{"start":{"line":242,"column":2},"end":{"line":242,"column":32}},"37":{"start":{"line":244,"column":1},"end":{"line":244,"column":30}},"38":{"start":{"line":249,"column":1},"end":{"line":253,"column":3}},"39":{"start":{"line":257,"column":4},"end":{"line":257,"column":25}},"40":{"start":{"line":258,"column":4},"end":{"line":258,"column":28}}},"fnMap":{"0":{"name":"Itinerary","decl":{"start":{"line":12,"column":24},"end":{"line":12,"column":33}},"loc":{"start":{"line":12,"column":41},"end":{"line":31,"column":1}},"line":12},"1":{"name":"tripIsEmpty","decl":{"start":{"line":13,"column":13},"end":{"line":13,"column":24}},"loc":{"start":{"line":13,"column":27},"end":{"line":15,"column":5}},"line":13},"2":{"name":"buildTripHeader","decl":{"start":{"line":32,"column":9},"end":{"line":32,"column":24}},"loc":{"start":{"line":32,"column":45},"end":{"line":53,"column":1}},"line":32},"3":{"name":"TripHeader","decl":{"start":{"line":55,"column":9},"end":{"line":55,"column":19}},"loc":{"start":{"line":55,"column":27},"end":{"line":79,"column":1}},"line":55},"4":{"name":"buildItineraryActionsDropdown","decl":{"start":{"line":80,"column":9},"end":{"line":80,"column":38}},"loc":{"start":{"line":80,"column":57},"end":{"line":97,"column":1}},"line":80},"5":{"name":"buildAddPlace","decl":{"start":{"line":98,"column":9},"end":{"line":98,"column":22}},"loc":{"start":{"line":98,"column":60},"end":{"line":110,"column":1}},"line":98},"6":{"name":"buildLoadTrip","decl":{"start":{"line":111,"column":9},"end":{"line":111,"column":22}},"loc":{"start":{"line":111,"column":60},"end":{"line":123,"column":1}},"line":111},"7":{"name":"buildOptimizeTrip","decl":{"start":{"line":124,"column":9},"end":{"line":124,"column":26}},"loc":{"start":{"line":124,"column":67},"end":{"line":141,"column":1}},"line":124},"8":{"name":"buildSettings","decl":{"start":{"line":142,"column":9},"end":{"line":142,"column":22}},"loc":{"start":{"line":142,"column":60},"end":{"line":158,"column":1}},"line":142},"9":{"name":"buildSaveTrip","decl":{"start":{"line":160,"column":9},"end":{"line":160,"column":22}},"loc":{"start":{"line":160,"column":60},"end":{"line":171,"column":1}},"line":160},"10":{"name":"PlaceList","decl":{"start":{"line":173,"column":9},"end":{"line":173,"column":18}},"loc":{"start":{"line":173,"column":26},"end":{"line":185,"column":1}},"line":173},"11":{"name":"calculateTotalDistance","decl":{"start":{"line":186,"column":9},"end":{"line":186,"column":31}},"loc":{"start":{"line":186,"column":43},"end":{"line":192,"column":1}},"line":186},"12":{"name":"buildPlaceRow","decl":{"start":{"line":193,"column":9},"end":{"line":193,"column":22}},"loc":{"start":{"line":193,"column":30},"end":{"line":210,"column":1}},"line":193},"13":{"name":"(anonymous_13)","decl":{"start":{"line":196,"column":21},"end":{"line":196,"column":22}},"loc":{"start":{"line":197,"column":4},"end":{"line":206,"column":6}},"line":197},"14":{"name":"PlaceRow","decl":{"start":{"line":212,"column":9},"end":{"line":212,"column":17}},"loc":{"start":{"line":212,"column":25},"end":{"line":236,"column":1}},"line":212},"15":{"name":"(anonymous_15)","decl":{"start":{"line":221,"column":13},"end":{"line":221,"column":14}},"loc":{"start":{"line":221,"column":19},"end":{"line":221,"column":98}},"line":221},"16":{"name":"calculateCumulativeDistance","decl":{"start":{"line":237,"column":9},"end":{"line":237,"column":36}},"loc":{"start":{"line":237,"column":48},"end":{"line":246,"column":1}},"line":237},"17":{"name":"AdditionalPlaceInfo","decl":{"start":{"line":248,"column":9},"end":{"line":248,"column":28}},"loc":{"start":{"line":248,"column":35},"end":{"line":254,"column":1}},"line":248},"18":{"name":"placeRowClicked","decl":{"start":{"line":256,"column":9},"end":{"line":256,"column":24}},"loc":{"start":{"line":256,"column":69},"end":{"line":259,"column":1}},"line":256}},"branchMap":{"0":{"loc":{"start":{"line":14,"column":15},"end":{"line":14,"column":57}},"type":"binary-expr","locations":[{"start":{"line":14,"column":15},"end":{"line":14,"column":28}},{"start":{"line":14,"column":32},"end":{"line":14,"column":57}}],"line":14},"1":{"loc":{"start":{"line":218,"column":17},"end":{"line":218,"column":74}},"type":"cond-expr","locations":[{"start":{"line":218,"column":55},"end":{"line":218,"column":69}},{"start":{"line":218,"column":72},"end":{"line":218,"column":74}}],"line":218},"2":{"loc":{"start":{"line":223,"column":5},"end":{"line":223,"column":53}},"type":"cond-expr","locations":[{"start":{"line":223,"column":21},"end":{"line":223,"column":25}},{"start":{"line":223,"column":28},"end":{"line":223,"column":53}}],"line":223}},"s":{"0":12,"1":12,"2":12,"3":12,"4":12,"5":12,"6":12,"7":12,"8":12,"9":12,"10":12,"11":12,"12":12,"13":12,"14":12,"15":12,"16":12,"17":12,"18":12,"19":12,"20":12,"21":16,"22":12,"23":12,"24":32,"25":34,"26":34,"27":34,"28":34,"29":34,"30":2,"31":34,"32":34,"33":34,"34":34,"35":136,"36":136,"37":34,"38":34,"39":2,"40":2},"f":{"0":12,"1":12,"2":12,"3":12,"4":12,"5":12,"6":12,"7":12,"8":12,"9":12,"10":12,"11":12,"12":12,"13":32,"14":34,"15":2,"16":34,"17":34,"18":2},"b":{"0":[12,12],"1":[5,29],"2":[32,2]},"_coverageSchema":"1a1c01bbd47fc00a2c39e90264f33305004495a9","hash":"74fe20d555533312fd3da53c7a8170545a3d2eaa"}
,"/home/brock/Documents/cs314/t17/client/src/components/Trip/Itinerary/LoadTrip.js": {"path":"/home/brock/Documents/cs314/t17/client/src/components/Trip/Itinerary/LoadTrip.js","statementMap":{"0":{"start":{"line":13,"column":37},"end":{"line":13,"column":52}},"1":{"start":{"line":15,"column":4},"end":{"line":33,"column":6}},"2":{"start":{"line":16,"column":54},"end":{"line":16,"column":67}},"3":{"start":{"line":36,"column":1},"end":{"line":40,"column":3}},"4":{"start":{"line":43,"column":1},"end":{"line":65,"column":3}},"5":{"start":{"line":48,"column":5},"end":{"line":48,"column":25}},"6":{"start":{"line":58,"column":5},"end":{"line":58,"column":27}},"7":{"start":{"line":68,"column":1},"end":{"line":78,"column":4}},"8":{"start":{"line":69,"column":30},"end":{"line":69,"column":57}},"9":{"start":{"line":70,"column":2},"end":{"line":72,"column":3}},"10":{"start":{"line":70,"column":15},"end":{"line":70,"column":16}},"11":{"start":{"line":71,"column":3},"end":{"line":71,"column":37}},"12":{"start":{"line":73,"column":2},"end":{"line":73,"column":25}},"13":{"start":{"line":74,"column":2},"end":{"line":74,"column":85}},"14":{"start":{"line":77,"column":2},"end":{"line":77,"column":44}}},"fnMap":{"0":{"name":"LoadTrip","decl":{"start":{"line":12,"column":24},"end":{"line":12,"column":32}},"loc":{"start":{"line":12,"column":40},"end":{"line":34,"column":1}},"line":12},"1":{"name":"(anonymous_1)","decl":{"start":{"line":16,"column":49},"end":{"line":16,"column":50}},"loc":{"start":{"line":16,"column":54},"end":{"line":16,"column":67}},"line":16},"2":{"name":"LoadTripHeader","decl":{"start":{"line":35,"column":9},"end":{"line":35,"column":23}},"loc":{"start":{"line":35,"column":26},"end":{"line":41,"column":1}},"line":35},"3":{"name":"LoadTripFooter","decl":{"start":{"line":42,"column":9},"end":{"line":42,"column":23}},"loc":{"start":{"line":42,"column":31},"end":{"line":66,"column":1}},"line":42},"4":{"name":"(anonymous_4)","decl":{"start":{"line":47,"column":13},"end":{"line":47,"column":14}},"loc":{"start":{"line":48,"column":5},"end":{"line":48,"column":25}},"line":48},"5":{"name":"(anonymous_5)","decl":{"start":{"line":57,"column":13},"end":{"line":57,"column":14}},"loc":{"start":{"line":58,"column":5},"end":{"line":58,"column":27}},"line":58},"6":{"name":"loadTripInMap","decl":{"start":{"line":67,"column":9},"end":{"line":67,"column":22}},"loc":{"start":{"line":67,"column":30},"end":{"line":79,"column":1}},"line":67}},"branchMap":{"0":{"loc":{"start":{"line":51,"column":14},"end":{"line":51,"column":48}},"type":"binary-expr","locations":[{"start":{"line":51,"column":14},"end":{"line":51,"column":33}},{"start":{"line":51,"column":37},"end":{"line":51,"column":48}}],"line":51},"1":{"loc":{"start":{"line":68,"column":1},"end":{"line":78,"column":4}},"type":"if","locations":[{"start":{"line":68,"column":1},"end":{"line":78,"column":4}},{"start":{"line":76,"column":8},"end":{"line":78,"column":4}}],"line":68}},"s":{"0":14,"1":14,"2":0,"3":2,"4":2,"5":0,"6":0,"7":0,"8":0,"9":0,"10":0,"11":0,"12":0,"13":0,"14":0},"f":{"0":14,"1":0,"2":2,"3":2,"4":0,"5":0,"6":0},"b":{"0":[2,2],"1":[0,0]},"_coverageSchema":"1a1c01bbd47fc00a2c39e90264f33305004495a9","hash":"d84694f312d101b7df3d30cf835a094fc580036d"}
,"/home/brock/Documents/cs314/t17/client/src/components/Trip/Itinerary/OptimizeTrip.js": {"path":"/home/brock/Documents/cs314/t17/client/src/components/Trip/Itinerary/OptimizeTrip.js","statementMap":{"0":{"start":{"line":19,"column":1},"end":{"line":41,"column":3}},"1":{"start":{"line":20,"column":80},"end":{"line":20,"column":97}},"2":{"start":{"line":45,"column":1},"end":{"line":49,"column":3}},"3":{"start":{"line":53,"column":1},"end":{"line":70,"column":3}},"4":{"start":{"line":57,"column":19},"end":{"line":57,"column":79}},"5":{"start":{"line":64,"column":18},"end":{"line":64,"column":40}},"6":{"start":{"line":73,"column":1},"end":{"line":73,"column":41}},"7":{"start":{"line":77,"column":1},"end":{"line":77,"column":29}},"8":{"start":{"line":78,"column":1},"end":{"line":78,"column":85}},"9":{"start":{"line":79,"column":1},"end":{"line":79,"column":28}}},"fnMap":{"0":{"name":"OptimizeTrip","decl":{"start":{"line":17,"column":24},"end":{"line":17,"column":36}},"loc":{"start":{"line":17,"column":44},"end":{"line":42,"column":1}},"line":17},"1":{"name":"(anonymous_1)","decl":{"start":{"line":20,"column":75},"end":{"line":20,"column":76}},"loc":{"start":{"line":20,"column":80},"end":{"line":20,"column":97}},"line":20},"2":{"name":"OptimizeTripHeader","decl":{"start":{"line":44,"column":9},"end":{"line":44,"column":27}},"loc":{"start":{"line":44,"column":35},"end":{"line":50,"column":1}},"line":44},"3":{"name":"OptimizeTripFooter","decl":{"start":{"line":52,"column":9},"end":{"line":52,"column":27}},"loc":{"start":{"line":52,"column":35},"end":{"line":71,"column":1}},"line":52},"4":{"name":"(anonymous_4)","decl":{"start":{"line":57,"column":13},"end":{"line":57,"column":14}},"loc":{"start":{"line":57,"column":19},"end":{"line":57,"column":79}},"line":57},"5":{"name":"(anonymous_5)","decl":{"start":{"line":64,"column":12},"end":{"line":64,"column":13}},"loc":{"start":{"line":64,"column":18},"end":{"line":64,"column":40}},"line":64},"6":{"name":"handleOptimize","decl":{"start":{"line":72,"column":9},"end":{"line":72,"column":23}},"loc":{"start":{"line":72,"column":52},"end":{"line":75,"column":1}},"line":72},"7":{"name":"confirmOptimize","decl":{"start":{"line":76,"column":9},"end":{"line":76,"column":24}},"loc":{"start":{"line":76,"column":32},"end":{"line":80,"column":1}},"line":76}},"branchMap":{},"s":{"0":12,"1":0,"2":0,"3":0,"4":0,"5":0,"6":0,"7":0,"8":0,"9":0},"f":{"0":12,"1":0,"2":0,"3":0,"4":0,"5":0,"6":0,"7":0},"b":{},"_coverageSchema":"1a1c01bbd47fc00a2c39e90264f33305004495a9","hash":"f67b8b2084efc3e30971ec88c80e0c656df00626"}
,"/home/brock/Documents/cs314/t17/client/src/components/Trip/Itinerary/SaveTrip.js": {"path":"/home/brock/Documents/cs314/t17/client/src/components/Trip/Itinerary/SaveTrip.js","statementMap":{"0":{"start":{"line":15,"column":22},"end":{"line":20,"column":7}},"1":{"start":{"line":21,"column":38},"end":{"line":21,"column":57}},"2":{"start":{"line":22,"column":38},"end":{"line":22,"column":55}},"3":{"start":{"line":23,"column":26},"end":{"line":23,"column":72}},"4":{"start":{"line":24,"column":4},"end":{"line":39,"column":6}},"5":{"start":{"line":42,"column":1},"end":{"line":46,"column":3}},"6":{"start":{"line":51,"column":4},"end":{"line":71,"column":5}},"7":{"start":{"line":56,"column":38},"end":{"line":56,"column":87}},"8":{"start":{"line":59,"column":38},"end":{"line":59,"column":87}},"9":{"start":{"line":64,"column":25},"end":{"line":64,"column":74}},"10":{"start":{"line":75,"column":4},"end":{"line":92,"column":5}},"11":{"start":{"line":79,"column":19},"end":{"line":79,"column":41}},"12":{"start":{"line":86,"column":19},"end":{"line":86,"column":39}},"13":{"start":{"line":98,"column":23},"end":{"line":98,"column":43}},"14":{"start":{"line":99,"column":23},"end":{"line":99,"column":82}},"15":{"start":{"line":100,"column":6},"end":{"line":100,"column":101}},"16":{"start":{"line":105,"column":17},"end":{"line":105,"column":57}},"17":{"start":{"line":106,"column":17},"end":{"line":106,"column":44}},"18":{"start":{"line":107,"column":16},"end":{"line":107,"column":41}},"19":{"start":{"line":108,"column":4},"end":{"line":108,"column":20}},"20":{"start":{"line":109,"column":4},"end":{"line":109,"column":42}},"21":{"start":{"line":110,"column":4},"end":{"line":110,"column":36}},"22":{"start":{"line":111,"column":4},"end":{"line":111,"column":17}},"23":{"start":{"line":112,"column":4},"end":{"line":115,"column":10}},"24":{"start":{"line":113,"column":6},"end":{"line":113,"column":38}},"25":{"start":{"line":114,"column":6},"end":{"line":114,"column":38}},"26":{"start":{"line":120,"column":21},"end":{"line":125,"column":5}},"27":{"start":{"line":127,"column":4},"end":{"line":127,"column":45}}},"fnMap":{"0":{"name":"SaveTrip","decl":{"start":{"line":14,"column":24},"end":{"line":14,"column":32}},"loc":{"start":{"line":14,"column":40},"end":{"line":40,"column":1}},"line":14},"1":{"name":"SaveTripHeader","decl":{"start":{"line":41,"column":9},"end":{"line":41,"column":23}},"loc":{"start":{"line":41,"column":31},"end":{"line":48,"column":1}},"line":41},"2":{"name":"SaveTripBody","decl":{"start":{"line":50,"column":9},"end":{"line":50,"column":21}},"loc":{"start":{"line":50,"column":29},"end":{"line":72,"column":1}},"line":50},"3":{"name":"(anonymous_3)","decl":{"start":{"line":56,"column":27},"end":{"line":56,"column":28}},"loc":{"start":{"line":56,"column":38},"end":{"line":56,"column":87}},"line":56},"4":{"name":"(anonymous_4)","decl":{"start":{"line":59,"column":27},"end":{"line":59,"column":28}},"loc":{"start":{"line":59,"column":38},"end":{"line":59,"column":87}},"line":59},"5":{"name":"(anonymous_5)","decl":{"start":{"line":64,"column":14},"end":{"line":64,"column":15}},"loc":{"start":{"line":64,"column":25},"end":{"line":64,"column":74}},"line":64},"6":{"name":"SaveTripFooter","decl":{"start":{"line":74,"column":9},"end":{"line":74,"column":23}},"loc":{"start":{"line":74,"column":31},"end":{"line":93,"column":1}},"line":74},"7":{"name":"(anonymous_7)","decl":{"start":{"line":79,"column":13},"end":{"line":79,"column":14}},"loc":{"start":{"line":79,"column":19},"end":{"line":79,"column":41}},"line":79},"8":{"name":"(anonymous_8)","decl":{"start":{"line":86,"column":13},"end":{"line":86,"column":14}},"loc":{"start":{"line":86,"column":19},"end":{"line":86,"column":39}},"line":86},"9":{"name":"FileSavingApp","decl":{"start":{"line":95,"column":9},"end":{"line":95,"column":22}},"loc":{"start":{"line":95,"column":30},"end":{"line":102,"column":3}},"line":95},"10":{"name":"downloadFile","decl":{"start":{"line":104,"column":11},"end":{"line":104,"column":23}},"loc":{"start":{"line":104,"column":67},"end":{"line":116,"column":3}},"line":104},"11":{"name":"(anonymous_11)","decl":{"start":{"line":112,"column":15},"end":{"line":112,"column":16}},"loc":{"start":{"line":112,"column":26},"end":{"line":115,"column":5}},"line":112},"12":{"name":"buildTripJSON","decl":{"start":{"line":119,"column":11},"end":{"line":119,"column":24}},"loc":{"start":{"line":119,"column":32},"end":{"line":128,"column":3}},"line":119}},"branchMap":{},"s":{"0":12,"1":12,"2":12,"3":12,"4":12,"5":0,"6":0,"7":0,"8":0,"9":0,"10":0,"11":0,"12":0,"13":0,"14":0,"15":0,"16":0,"17":0,"18":0,"19":0,"20":0,"21":0,"22":0,"23":0,"24":0,"25":0,"26":0,"27":0},"f":{"0":12,"1":0,"2":0,"3":0,"4":0,"5":0,"6":0,"7":0,"8":0,"9":0,"10":0,"11":0,"12":0},"b":{},"_coverageSchema":"1a1c01bbd47fc00a2c39e90264f33305004495a9","hash":"4f13c75cc3139b8dbba6576ec128f91cac65722f"}
,"/home/brock/Documents/cs314/t17/client/src/components/Trip/Itinerary/Settings.js": {"path":"/home/brock/Documents/cs314/t17/client/src/components/Trip/Itinerary/Settings.js","statementMap":{"0":{"start":{"line":15,"column":1},"end":{"line":22,"column":3}},"1":{"start":{"line":25,"column":1},"end":{"line":37,"column":3}},"2":{"start":{"line":40,"column":1},"end":{"line":53,"column":3}},"3":{"start":{"line":57,"column":1},"end":{"line":61,"column":3}},"4":{"start":{"line":65,"column":1},"end":{"line":74,"column":3}},"5":{"start":{"line":77,"column":1},"end":{"line":87,"column":3}},"6":{"start":{"line":81,"column":25},"end":{"line":81,"column":73}},"7":{"start":{"line":90,"column":1},"end":{"line":100,"column":3}},"8":{"start":{"line":94,"column":19},"end":{"line":94,"column":61}},"9":{"start":{"line":103,"column":1},"end":{"line":103,"column":29}},"10":{"start":{"line":104,"column":1},"end":{"line":104,"column":31}},"11":{"start":{"line":108,"column":1},"end":{"line":121,"column":3}},"12":{"start":{"line":113,"column":6},"end":{"line":113,"column":28}},"13":{"start":{"line":126,"column":0},"end":{"line":130,"column":2}},"14":{"start":{"line":127,"column":1},"end":{"line":127,"column":28}},"15":{"start":{"line":129,"column":1},"end":{"line":129,"column":51}},"16":{"start":{"line":131,"column":1},"end":{"line":131,"column":98}},"17":{"start":{"line":132,"column":1},"end":{"line":132,"column":31}},"18":{"start":{"line":133,"column":1},"end":{"line":133,"column":24}},"19":{"start":{"line":141,"column":1},"end":{"line":141,"column":29}},"20":{"start":{"line":142,"column":1},"end":{"line":142,"column":22}},"21":{"start":{"line":143,"column":1},"end":{"line":143,"column":76}},"22":{"start":{"line":144,"column":1},"end":{"line":144,"column":31}}},"fnMap":{"0":{"name":"Settings","decl":{"start":{"line":14,"column":24},"end":{"line":14,"column":32}},"loc":{"start":{"line":14,"column":40},"end":{"line":23,"column":1}},"line":14},"1":{"name":"buildSettingsInput","decl":{"start":{"line":24,"column":9},"end":{"line":24,"column":27}},"loc":{"start":{"line":24,"column":35},"end":{"line":38,"column":1}},"line":24},"2":{"name":"buildSettingsFooter","decl":{"start":{"line":39,"column":9},"end":{"line":39,"column":28}},"loc":{"start":{"line":39,"column":36},"end":{"line":54,"column":1}},"line":39},"3":{"name":"SettingsHeader","decl":{"start":{"line":56,"column":9},"end":{"line":56,"column":23}},"loc":{"start":{"line":56,"column":31},"end":{"line":62,"column":1}},"line":56},"4":{"name":"SettingsInput","decl":{"start":{"line":64,"column":9},"end":{"line":64,"column":22}},"loc":{"start":{"line":64,"column":30},"end":{"line":75,"column":1}},"line":64},"5":{"name":"buildCustomUnitInput","decl":{"start":{"line":76,"column":9},"end":{"line":76,"column":29}},"loc":{"start":{"line":76,"column":37},"end":{"line":88,"column":1}},"line":76},"6":{"name":"(anonymous_6)","decl":{"start":{"line":81,"column":14},"end":{"line":81,"column":15}},"loc":{"start":{"line":81,"column":25},"end":{"line":81,"column":73}},"line":81},"7":{"name":"buildButtons","decl":{"start":{"line":89,"column":9},"end":{"line":89,"column":21}},"loc":{"start":{"line":89,"column":48},"end":{"line":101,"column":1}},"line":89},"8":{"name":"(anonymous_8)","decl":{"start":{"line":94,"column":13},"end":{"line":94,"column":14}},"loc":{"start":{"line":94,"column":19},"end":{"line":94,"column":61}},"line":94},"9":{"name":"handleCustomUnitInput","decl":{"start":{"line":102,"column":9},"end":{"line":102,"column":30}},"loc":{"start":{"line":102,"column":45},"end":{"line":105,"column":1}},"line":102},"10":{"name":"SettingsFooter","decl":{"start":{"line":107,"column":9},"end":{"line":107,"column":23}},"loc":{"start":{"line":107,"column":31},"end":{"line":122,"column":1}},"line":107},"11":{"name":"(anonymous_11)","decl":{"start":{"line":112,"column":14},"end":{"line":112,"column":15}},"loc":{"start":{"line":113,"column":6},"end":{"line":113,"column":28}},"line":113},"12":{"name":"handleUserInput","decl":{"start":{"line":124,"column":9},"end":{"line":124,"column":24}},"loc":{"start":{"line":124,"column":32},"end":{"line":137,"column":1}},"line":124},"13":{"name":"handleUnitsInput","decl":{"start":{"line":139,"column":9},"end":{"line":139,"column":25}},"loc":{"start":{"line":139,"column":46},"end":{"line":146,"column":1}},"line":139}},"branchMap":{"0":{"loc":{"start":{"line":126,"column":0},"end":{"line":130,"column":2}},"type":"if","locations":[{"start":{"line":126,"column":0},"end":{"line":130,"column":2}},{"start":{"line":128,"column":8},"end":{"line":130,"column":2}}],"line":126},"1":{"loc":{"start":{"line":126,"column":4},"end":{"line":126,"column":53}},"type":"binary-expr","locations":[{"start":{"line":126,"column":4},"end":{"line":126,"column":28}},{"start":{"line":126,"column":32},"end":{"line":126,"column":53}}],"line":126}},"s":{"0":12,"1":12,"2":12,"3":0,"4":0,"5":0,"6":0,"7":0,"8":0,"9":0,"10":0,"11":0,"12":0,"13":0,"14":0,"15":0,"16":0,"17":0,"18":0,"19":0,"20":0,"21":0,"22":0},"f":{"0":12,"1":12,"2":12,"3":0,"4":0,"5":0,"6":0,"7":0,"8":0,"9":0,"10":0,"11":0,"12":0,"13":0},"b":{"0":[0,0],"1":[0,0]},"_coverageSchema":"1a1c01bbd47fc00a2c39e90264f33305004495a9","hash":"8c563534e6793255d96a183abb480e1571fe8c03"}
,"/home/brock/Documents/cs314/t17/client/src/components/Trip/Itinerary/TourRequest.js": {"path":"/home/brock/Documents/cs314/t17/client/src/components/Trip/Itinerary/TourRequest.js","statementMap":{"0":{"start":{"line":5,"column":4},"end":{"line":5,"column":48}},"1":{"start":{"line":8,"column":22},"end":{"line":8,"column":24}},"2":{"start":{"line":9,"column":1},"end":{"line":12,"column":2}},"3":{"start":{"line":9,"column":14},"end":{"line":9,"column":15}},"4":{"start":{"line":10,"column":19},"end":{"line":10,"column":52}},"5":{"start":{"line":11,"column":5},"end":{"line":11,"column":30}},"6":{"start":{"line":13,"column":4},"end":{"line":13,"column":23}},"7":{"start":{"line":18,"column":25},"end":{"line":18,"column":133}},"8":{"start":{"line":19,"column":4},"end":{"line":25,"column":5}},"9":{"start":{"line":20,"column":8},"end":{"line":20,"column":58}},"10":{"start":{"line":23,"column":8},"end":{"line":23,"column":22}},"11":{"start":{"line":24,"column":8},"end":{"line":24,"column":103}}},"fnMap":{"0":{"name":"TourRequest","decl":{"start":{"line":4,"column":24},"end":{"line":4,"column":35}},"loc":{"start":{"line":4,"column":64},"end":{"line":6,"column":1}},"line":4},"1":{"name":"processTourResponseSuccess","decl":{"start":{"line":7,"column":9},"end":{"line":7,"column":35}},"loc":{"start":{"line":7,"column":59},"end":{"line":14,"column":1}},"line":7},"2":{"name":"sendTourRequest","decl":{"start":{"line":16,"column":15},"end":{"line":16,"column":30}},"loc":{"start":{"line":16,"column":59},"end":{"line":26,"column":1}},"line":16}},"branchMap":{"0":{"loc":{"start":{"line":19,"column":4},"end":{"line":25,"column":5}},"type":"if","locations":[{"start":{"line":19,"column":4},"end":{"line":25,"column":5}},{"start":{"line":22,"column":9},"end":{"line":25,"column":5}}],"line":19}},"s":{"0":0,"1":0,"2":0,"3":0,"4":0,"5":0,"6":0,"7":0,"8":0,"9":0,"10":0,"11":0},"f":{"0":0,"1":0,"2":0},"b":{"0":[0,0]},"_coverageSchema":"1a1c01bbd47fc00a2c39e90264f33305004495a9","hash":"c36f21353c530c8beb648cb0d2659bc0441ef1fc"}
,"/home/brock/Documents/cs314/t17/client/src/components/Trip/Itinerary/actions.js": {"path":"/home/brock/Documents/cs314/t17/client/src/components/Trip/Itinerary/actions.js","statementMap":{"0":{"start":{"line":9,"column":4},"end":{"line":33,"column":6}},"1":{"start":{"line":11,"column":41},"end":{"line":11,"column":93}},"2":{"start":{"line":14,"column":75},"end":{"line":14,"column":140}},"3":{"start":{"line":17,"column":41},"end":{"line":17,"column":63}},"4":{"start":{"line":20,"column":41},"end":{"line":20,"column":63}},"5":{"start":{"line":23,"column":41},"end":{"line":23,"column":63}},"6":{"start":{"line":26,"column":41},"end":{"line":26,"column":63}},"7":{"start":{"line":29,"column":42},"end":{"line":29,"column":128}},"8":{"start":{"line":37,"column":4},"end":{"line":43,"column":6}},"9":{"start":{"line":39,"column":41},"end":{"line":39,"column":86}},"10":{"start":{"line":47,"column":4},"end":{"line":58,"column":6}},"11":{"start":{"line":62,"column":4},"end":{"line":62,"column":16}},"12":{"start":{"line":63,"column":4},"end":{"line":63,"column":21}},"13":{"start":{"line":67,"column":4},"end":{"line":67,"column":20}},"14":{"start":{"line":68,"column":4},"end":{"line":68,"column":25}}},"fnMap":{"0":{"name":"ItineraryActionsDropdown","decl":{"start":{"line":8,"column":16},"end":{"line":8,"column":40}},"loc":{"start":{"line":8,"column":48},"end":{"line":34,"column":1}},"line":8},"1":{"name":"(anonymous_1)","decl":{"start":{"line":11,"column":35},"end":{"line":11,"column":36}},"loc":{"start":{"line":11,"column":41},"end":{"line":11,"column":93}},"line":11},"2":{"name":"(anonymous_2)","decl":{"start":{"line":14,"column":69},"end":{"line":14,"column":70}},"loc":{"start":{"line":14,"column":75},"end":{"line":14,"column":140}},"line":14},"3":{"name":"(anonymous_3)","decl":{"start":{"line":17,"column":35},"end":{"line":17,"column":36}},"loc":{"start":{"line":17,"column":41},"end":{"line":17,"column":63}},"line":17},"4":{"name":"(anonymous_4)","decl":{"start":{"line":20,"column":35},"end":{"line":20,"column":36}},"loc":{"start":{"line":20,"column":41},"end":{"line":20,"column":63}},"line":20},"5":{"name":"(anonymous_5)","decl":{"start":{"line":23,"column":35},"end":{"line":23,"column":36}},"loc":{"start":{"line":23,"column":41},"end":{"line":23,"column":63}},"line":23},"6":{"name":"(anonymous_6)","decl":{"start":{"line":26,"column":35},"end":{"line":26,"column":36}},"loc":{"start":{"line":26,"column":41},"end":{"line":26,"column":63}},"line":26},"7":{"name":"(anonymous_7)","decl":{"start":{"line":29,"column":36},"end":{"line":29,"column":37}},"loc":{"start":{"line":29,"column":42},"end":{"line":29,"column":128}},"line":29},"8":{"name":"PlaceActionsDropdown","decl":{"start":{"line":36,"column":16},"end":{"line":36,"column":36}},"loc":{"start":{"line":36,"column":44},"end":{"line":44,"column":1}},"line":36},"9":{"name":"(anonymous_9)","decl":{"start":{"line":39,"column":35},"end":{"line":39,"column":36}},"loc":{"start":{"line":39,"column":41},"end":{"line":39,"column":86}},"line":39},"10":{"name":"ActionsDropdown","decl":{"start":{"line":46,"column":9},"end":{"line":46,"column":24}},"loc":{"start":{"line":46,"column":32},"end":{"line":59,"column":1}},"line":46},"11":{"name":"handleRemoveAll","decl":{"start":{"line":61,"column":9},"end":{"line":61,"column":24}},"loc":{"start":{"line":61,"column":50},"end":{"line":64,"column":1}},"line":61},"12":{"name":"handleOptimize","decl":{"start":{"line":66,"column":9},"end":{"line":66,"column":23}},"loc":{"start":{"line":66,"column":61},"end":{"line":70,"column":1}},"line":66}},"branchMap":{},"s":{"0":12,"1":0,"2":0,"3":0,"4":0,"5":0,"6":0,"7":0,"8":34,"9":0,"10":46,"11":0,"12":0,"13":0,"14":0},"f":{"0":12,"1":0,"2":0,"3":0,"4":0,"5":0,"6":0,"7":0,"8":34,"9":0,"10":46,"11":0,"12":0},"b":{},"_coverageSchema":"1a1c01bbd47fc00a2c39e90264f33305004495a9","hash":"9fd87c58f417b4eb63b3a1946c918c6290b05fbd"}
,"/home/brock/Documents/cs314/t17/client/src/components/Trip/Map/Map.js": {"path":"/home/brock/Documents/cs314/t17/client/src/components/Trip/Map/Map.js","statementMap":{"0":{"start":{"line":8,"column":19},"end":{"line":8,"column":43}},"1":{"start":{"line":9,"column":30},"end":{"line":9,"column":114}},"2":{"start":{"line":10,"column":22},"end":{"line":10,"column":74}},"3":{"start":{"line":11,"column":21},"end":{"line":11,"column":22}},"4":{"start":{"line":12,"column":21},"end":{"line":12,"column":23}},"5":{"start":{"line":16,"column":8},"end":{"line":16,"column":55}},"6":{"start":{"line":19,"column":4},"end":{"line":36,"column":6}},"7":{"start":{"line":40,"column":21},"end":{"line":40,"column":47}},"8":{"start":{"line":41,"column":4},"end":{"line":46,"column":6}},"9":{"start":{"line":42,"column":8},"end":{"line":45,"column":10}},"10":{"start":{"line":50,"column":4},"end":{"line":52,"column":5}},"11":{"start":{"line":51,"column":8},"end":{"line":51,"column":18}},"12":{"start":{"line":54,"column":27},"end":{"line":54,"column":29}},"13":{"start":{"line":55,"column":4},"end":{"line":59,"column":5}},"14":{"start":{"line":55,"column":17},"end":{"line":55,"column":18}},"15":{"start":{"line":56,"column":26},"end":{"line":56,"column":35}},"16":{"start":{"line":57,"column":24},"end":{"line":57,"column":53}},"17":{"start":{"line":58,"column":8},"end":{"line":58,"column":80}},"18":{"start":{"line":60,"column":4},"end":{"line":60,"column":26}},"19":{"start":{"line":64,"column":4},"end":{"line":66,"column":5}},"20":{"start":{"line":65,"column":8},"end":{"line":65,"column":20}},"21":{"start":{"line":67,"column":4},"end":{"line":69,"column":5}},"22":{"start":{"line":68,"column":8},"end":{"line":68,"column":17}},"23":{"start":{"line":70,"column":4},"end":{"line":70,"column":89}}},"fnMap":{"0":{"name":"Map","decl":{"start":{"line":14,"column":24},"end":{"line":14,"column":27}},"loc":{"start":{"line":14,"column":35},"end":{"line":37,"column":1}},"line":14},"1":{"name":"handleMapClick","decl":{"start":{"line":15,"column":13},"end":{"line":15,"column":27}},"loc":{"start":{"line":15,"column":42},"end":{"line":17,"column":5}},"line":15},"2":{"name":"TripLines","decl":{"start":{"line":39,"column":9},"end":{"line":39,"column":18}},"loc":{"start":{"line":39,"column":26},"end":{"line":47,"column":1}},"line":39},"3":{"name":"(anonymous_3)","decl":{"start":{"line":41,"column":24},"end":{"line":41,"column":25}},"loc":{"start":{"line":42,"column":8},"end":{"line":45,"column":10}},"line":42},"4":{"name":"computePaths","decl":{"start":{"line":49,"column":9},"end":{"line":49,"column":21}},"loc":{"start":{"line":49,"column":30},"end":{"line":61,"column":1}},"line":49},"5":{"name":"PlaceMarker","decl":{"start":{"line":63,"column":9},"end":{"line":63,"column":20}},"loc":{"start":{"line":63,"column":57},"end":{"line":71,"column":1}},"line":63}},"branchMap":{"0":{"loc":{"start":{"line":50,"column":4},"end":{"line":52,"column":5}},"type":"if","locations":[{"start":{"line":50,"column":4},"end":{"line":52,"column":5}},{"start":{},"end":{}}],"line":50},"1":{"loc":{"start":{"line":64,"column":4},"end":{"line":66,"column":5}},"type":"if","locations":[{"start":{"line":64,"column":4},"end":{"line":66,"column":5}},{"start":{},"end":{}}],"line":64},"2":{"loc":{"start":{"line":67,"column":4},"end":{"line":69,"column":5}},"type":"if","locations":[{"start":{"line":67,"column":4},"end":{"line":69,"column":5}},{"start":{},"end":{}}],"line":67}},"s":{"0":5,"1":5,"2":5,"3":5,"4":5,"5":1,"6":9,"7":9,"8":9,"9":8,"10":9,"11":8,"12":1,"13":1,"14":1,"15":8,"16":8,"17":8,"18":1,"19":9,"20":8,"21":1,"22":1,"23":0},"f":{"0":9,"1":1,"2":9,"3":8,"4":9,"5":9},"b":{"0":[8,1],"1":[8,1],"2":[1,0]},"_coverageSchema":"1a1c01bbd47fc00a2c39e90264f33305004495a9","hash":"f1b6ad3bb0e91ff1501ce99dda0947f47743b82c"}
,"/home/brock/Documents/cs314/t17/client/src/components/Trip/Map/Marker.js": {"path":"/home/brock/Documents/cs314/t17/client/src/components/Trip/Map/Marker.js","statementMap":{"0":{"start":{"line":7,"column":20},"end":{"line":7,"column":90}},"1":{"start":{"line":11,"column":8},"end":{"line":13,"column":9}},"2":{"start":{"line":12,"column":12},"end":{"line":12,"column":43}},"3":{"start":{"line":16,"column":4},"end":{"line":18,"column":5}},"4":{"start":{"line":17,"column":8},"end":{"line":17,"column":20}},"5":{"start":{"line":19,"column":4},"end":{"line":32,"column":6}},"6":{"start":{"line":20,"column":37},"end":{"line":20,"column":57}}},"fnMap":{"0":{"name":"Marker","decl":{"start":{"line":9,"column":24},"end":{"line":9,"column":30}},"loc":{"start":{"line":9,"column":38},"end":{"line":33,"column":1}},"line":9},"1":{"name":"showMarkerPopup","decl":{"start":{"line":10,"column":13},"end":{"line":10,"column":28}},"loc":{"start":{"line":10,"column":34},"end":{"line":14,"column":5}},"line":10},"2":{"name":"(anonymous_2)","decl":{"start":{"line":20,"column":28},"end":{"line":20,"column":29}},"loc":{"start":{"line":20,"column":37},"end":{"line":20,"column":57}},"line":20}},"branchMap":{"0":{"loc":{"start":{"line":11,"column":8},"end":{"line":13,"column":9}},"type":"if","locations":[{"start":{"line":11,"column":8},"end":{"line":13,"column":9}},{"start":{},"end":{}}],"line":11},"1":{"loc":{"start":{"line":16,"column":4},"end":{"line":18,"column":5}},"type":"if","locations":[{"start":{"line":16,"column":4},"end":{"line":18,"column":5}},{"start":{},"end":{}}],"line":16}},"s":{"0":5,"1":0,"2":0,"3":0,"4":0,"5":0,"6":0},"f":{"0":0,"1":0,"2":0},"b":{"0":[0,0],"1":[0,0]},"_coverageSchema":"1a1c01bbd47fc00a2c39e90264f33305004495a9","hash":"e57d8c6a69fa233794c711827b53ef8de319a4e7"}
,"/home/brock/Documents/cs314/t17/client/src/hooks/useFileReader.js": {"path":"/home/brock/Documents/cs314/t17/client/src/hooks/useFileReader.js","statementMap":{"0":{"start":{"line":13,"column":25},"end":{"line":13,"column":39}},"1":{"start":{"line":16,"column":18},"end":{"line":16,"column":34}},"2":{"start":{"line":17,"column":3},"end":{"line":17,"column":42}},"3":{"start":{"line":18,"column":3},"end":{"line":21,"column":5}},"4":{"start":{"line":19,"column":15},"end":{"line":19,"column":69}},"5":{"start":{"line":20,"column":2},"end":{"line":20,"column":27}},"6":{"start":{"line":23,"column":1},"end":{"line":23,"column":36}},"7":{"start":{"line":27,"column":19},"end":{"line":27,"column":45}},"8":{"start":{"line":28,"column":1},"end":{"line":41,"column":2}},"9":{"start":{"line":29,"column":2},"end":{"line":29,"column":20}},"10":{"start":{"line":30,"column":2},"end":{"line":38,"column":3}},"11":{"start":{"line":31,"column":3},"end":{"line":34,"column":4}},"12":{"start":{"line":32,"column":4},"end":{"line":32,"column":18}},"13":{"start":{"line":33,"column":4},"end":{"line":33,"column":21}},"14":{"start":{"line":37,"column":3},"end":{"line":37,"column":36}},"15":{"start":{"line":40,"column":2},"end":{"line":40,"column":35}}},"fnMap":{"0":{"name":"useFileReader","decl":{"start":{"line":12,"column":24},"end":{"line":12,"column":37}},"loc":{"start":{"line":12,"column":40},"end":{"line":24,"column":1}},"line":12},"1":{"name":"readFile","decl":{"start":{"line":15,"column":10},"end":{"line":15,"column":18}},"loc":{"start":{"line":15,"column":41},"end":{"line":22,"column":2}},"line":15},"2":{"name":"(anonymous_2)","decl":{"start":{"line":18,"column":19},"end":{"line":18,"column":20}},"loc":{"start":{"line":18,"column":28},"end":{"line":21,"column":4}},"line":18},"3":{"name":"parseFile","decl":{"start":{"line":26,"column":9},"end":{"line":26,"column":18}},"loc":{"start":{"line":26,"column":34},"end":{"line":42,"column":1}},"line":26}},"branchMap":{"0":{"loc":{"start":{"line":28,"column":1},"end":{"line":41,"column":2}},"type":"if","locations":[{"start":{"line":28,"column":1},"end":{"line":41,"column":2}},{"start":{"line":39,"column":8},"end":{"line":41,"column":2}}],"line":28},"1":{"loc":{"start":{"line":31,"column":3},"end":{"line":34,"column":4}},"type":"if","locations":[{"start":{"line":31,"column":3},"end":{"line":34,"column":4}},{"start":{},"end":{}}],"line":31}},"s":{"0":20,"1":0,"2":0,"3":0,"4":0,"5":0,"6":20,"7":0,"8":0,"9":0,"10":0,"11":0,"12":0,"13":0,"14":0,"15":0},"f":{"0":20,"1":0,"2":0,"3":0},"b":{"0":[0,0],"1":[0,0]},"_coverageSchema":"1a1c01bbd47fc00a2c39e90264f33305004495a9","hash":"bb71a1de2677b4f2e8844292bb79f1a8f4c7416a"}
,"/home/brock/Documents/cs314/t17/client/src/hooks/usePlaces.js": {"path":"/home/brock/Documents/cs314/t17/client/src/hooks/usePlaces.js","statementMap":{"0":{"start":{"line":9,"column":32},"end":{"line":9,"column":44}},"1":{"start":{"line":10,"column":46},"end":{"line":10,"column":58}},"2":{"start":{"line":11,"column":38},"end":{"line":11,"column":50}},"3":{"start":{"line":12,"column":42},"end":{"line":12,"column":54}},"4":{"start":{"line":13,"column":28},"end":{"line":13,"column":40}},"5":{"start":{"line":14,"column":42},"end":{"line":14,"column":56}},"6":{"start":{"line":16,"column":20},"end":{"line":16,"column":172}},"7":{"start":{"line":18,"column":25},"end":{"line":24,"column":5}},"8":{"start":{"line":19,"column":33},"end":{"line":19,"column":68}},"9":{"start":{"line":20,"column":34},"end":{"line":20,"column":63}},"10":{"start":{"line":21,"column":25},"end":{"line":21,"column":43}},"11":{"start":{"line":22,"column":32},"end":{"line":22,"column":59}},"12":{"start":{"line":23,"column":35},"end":{"line":23,"column":65}},"13":{"start":{"line":26,"column":4},"end":{"line":26,"column":158}},"14":{"start":{"line":30,"column":66},"end":{"line":30,"column":73}},"15":{"start":{"line":32,"column":22},"end":{"line":32,"column":33}},"16":{"start":{"line":34,"column":22},"end":{"line":34,"column":50}},"17":{"start":{"line":35,"column":4},"end":{"line":35,"column":30}},"18":{"start":{"line":37,"column":4},"end":{"line":37,"column":63}},"19":{"start":{"line":39,"column":4},"end":{"line":39,"column":25}},"20":{"start":{"line":40,"column":4},"end":{"line":40,"column":43}},"21":{"start":{"line":43,"column":52},"end":{"line":43,"column":59}},"22":{"start":{"line":45,"column":22},"end":{"line":45,"column":44}},"23":{"start":{"line":46,"column":4},"end":{"line":46,"column":27}},"24":{"start":{"line":47,"column":4},"end":{"line":47,"column":40}},"25":{"start":{"line":51,"column":20},"end":{"line":51,"column":42}},"26":{"start":{"line":52,"column":4},"end":{"line":52,"column":70}},"27":{"start":{"line":56,"column":92},"end":{"line":56,"column":99}},"28":{"start":{"line":58,"column":4},"end":{"line":61,"column":5}},"29":{"start":{"line":59,"column":8},"end":{"line":59,"column":97}},"30":{"start":{"line":60,"column":8},"end":{"line":60,"column":15}},"31":{"start":{"line":62,"column":22},"end":{"line":62,"column":62}},"32":{"start":{"line":62,"column":50},"end":{"line":62,"column":61}},"33":{"start":{"line":63,"column":25},"end":{"line":63,"column":72}},"34":{"start":{"line":63,"column":60},"end":{"line":63,"column":71}},"35":{"start":{"line":64,"column":4},"end":{"line":64,"column":31}},"36":{"start":{"line":65,"column":4},"end":{"line":65,"column":25}},"37":{"start":{"line":67,"column":4},"end":{"line":71,"column":5}},"38":{"start":{"line":68,"column":8},"end":{"line":68,"column":29}},"39":{"start":{"line":69,"column":11},"end":{"line":71,"column":5}},"40":{"start":{"line":70,"column":8},"end":{"line":70,"column":44}},"41":{"start":{"line":75,"column":44},"end":{"line":75,"column":51}},"42":{"start":{"line":77,"column":4},"end":{"line":77,"column":18}},"43":{"start":{"line":78,"column":4},"end":{"line":78,"column":25}},"44":{"start":{"line":82,"column":41},"end":{"line":82,"column":48}},"45":{"start":{"line":84,"column":4},"end":{"line":88,"column":5}},"46":{"start":{"line":85,"column":8},"end":{"line":85,"column":97}},"47":{"start":{"line":86,"column":8},"end":{"line":86,"column":29}},"48":{"start":{"line":87,"column":8},"end":{"line":87,"column":15}},"49":{"start":{"line":89,"column":4},"end":{"line":89,"column":28}}},"fnMap":{"0":{"name":"usePlaces","decl":{"start":{"line":8,"column":16},"end":{"line":8,"column":25}},"loc":{"start":{"line":8,"column":28},"end":{"line":27,"column":1}},"line":8},"1":{"name":"(anonymous_1)","decl":{"start":{"line":19,"column":16},"end":{"line":19,"column":17}},"loc":{"start":{"line":19,"column":33},"end":{"line":19,"column":68}},"line":19},"2":{"name":"(anonymous_2)","decl":{"start":{"line":20,"column":23},"end":{"line":20,"column":24}},"loc":{"start":{"line":20,"column":34},"end":{"line":20,"column":63}},"line":20},"3":{"name":"(anonymous_3)","decl":{"start":{"line":21,"column":19},"end":{"line":21,"column":20}},"loc":{"start":{"line":21,"column":25},"end":{"line":21,"column":43}},"line":21},"4":{"name":"(anonymous_4)","decl":{"start":{"line":22,"column":21},"end":{"line":22,"column":22}},"loc":{"start":{"line":22,"column":32},"end":{"line":22,"column":59}},"line":22},"5":{"name":"(anonymous_5)","decl":{"start":{"line":23,"column":24},"end":{"line":23,"column":25}},"loc":{"start":{"line":23,"column":35},"end":{"line":23,"column":65}},"line":23},"6":{"name":"append","decl":{"start":{"line":29,"column":15},"end":{"line":29,"column":21}},"loc":{"start":{"line":29,"column":52},"end":{"line":41,"column":1}},"line":29},"7":{"name":"appendMultiple","decl":{"start":{"line":42,"column":9},"end":{"line":42,"column":23}},"loc":{"start":{"line":42,"column":46},"end":{"line":48,"column":1}},"line":42},"8":{"name":"makeDistancesRequest","decl":{"start":{"line":50,"column":9},"end":{"line":50,"column":29}},"loc":{"start":{"line":50,"column":68},"end":{"line":53,"column":1}},"line":50},"9":{"name":"removeAtIndex","decl":{"start":{"line":55,"column":9},"end":{"line":55,"column":22}},"loc":{"start":{"line":55,"column":39},"end":{"line":72,"column":1}},"line":55},"10":{"name":"(anonymous_10)","decl":{"start":{"line":62,"column":36},"end":{"line":62,"column":37}},"loc":{"start":{"line":62,"column":50},"end":{"line":62,"column":61}},"line":62},"11":{"name":"(anonymous_11)","decl":{"start":{"line":63,"column":43},"end":{"line":63,"column":44}},"loc":{"start":{"line":63,"column":60},"end":{"line":63,"column":71}},"line":63},"12":{"name":"removeAll","decl":{"start":{"line":74,"column":9},"end":{"line":74,"column":18}},"loc":{"start":{"line":74,"column":28},"end":{"line":79,"column":1}},"line":74},"13":{"name":"selectIndex","decl":{"start":{"line":81,"column":9},"end":{"line":81,"column":20}},"loc":{"start":{"line":81,"column":37},"end":{"line":90,"column":1}},"line":81}},"branchMap":{"0":{"loc":{"start":{"line":58,"column":4},"end":{"line":61,"column":5}},"type":"if","locations":[{"start":{"line":58,"column":4},"end":{"line":61,"column":5}},{"start":{},"end":{}}],"line":58},"1":{"loc":{"start":{"line":58,"column":8},"end":{"line":58,"column":43}},"type":"binary-expr","locations":[{"start":{"line":58,"column":8},"end":{"line":58,"column":17}},{"start":{"line":58,"column":21},"end":{"line":58,"column":43}}],"line":58},"2":{"loc":{"start":{"line":67,"column":4},"end":{"line":71,"column":5}},"type":"if","locations":[{"start":{"line":67,"column":4},"end":{"line":71,"column":5}},{"start":{"line":69,"column":11},"end":{"line":71,"column":5}}],"line":67},"3":{"loc":{"start":{"line":69,"column":11},"end":{"line":71,"column":5}},"type":"if","locations":[{"start":{"line":69,"column":11},"end":{"line":71,"column":5}},{"start":{},"end":{}}],"line":69},"4":{"loc":{"start":{"line":69,"column":15},"end":{"line":69,"column":60}},"type":"binary-expr","locations":[{"start":{"line":69,"column":15},"end":{"line":69,"column":37}},{"start":{"line":69,"column":41},"end":{"line":69,"column":60}}],"line":69},"5":{"loc":{"start":{"line":84,"column":4},"end":{"line":88,"column":5}},"type":"if","locations":[{"start":{"line":84,"column":4},"end":{"line":88,"column":5}},{"start":{},"end":{}}],"line":84},"6":{"loc":{"start":{"line":84,"column":8},"end":{"line":84,"column":44}},"type":"binary-expr","locations":[{"start":{"line":84,"column":8},"end":{"line":84,"column":18}},{"start":{"line":84,"column":22},"end":{"line":84,"column":44}}],"line":84}},"s":{"0":77,"1":77,"2":77,"3":77,"4":77,"5":77,"6":77,"7":77,"8":18,"9":4,"10":1,"11":3,"12":0,"13":77,"14":18,"15":18,"16":18,"17":18,"18":18,"19":18,"20":18,"21":0,"22":0,"23":0,"24":0,"25":18,"26":18,"27":4,"28":4,"29":1,"30":1,"31":3,"32":9,"33":3,"34":0,"35":3,"36":3,"37":3,"38":1,"39":2,"40":1,"41":1,"42":1,"43":1,"44":3,"45":3,"46":1,"47":1,"48":1,"49":2},"f":{"0":77,"1":18,"2":4,"3":1,"4":3,"5":0,"6":18,"7":0,"8":18,"9":4,"10":9,"11":0,"12":1,"13":3},"b":{"0":[1,3],"1":[4,4],"2":[1,2],"3":[1,1],"4":[2,2],"5":[1,2],"6":[3,3]},"_coverageSchema":"1a1c01bbd47fc00a2c39e90264f33305004495a9","hash":"e990b3b760e5da87fc27aa5b0341f01ace7ca0b7"}
,"/home/brock/Documents/cs314/t17/client/src/hooks/useServerInputValidation.js": {"path":"/home/brock/Documents/cs314/t17/client/src/hooks/useServerInputValidation.js","statementMap":{"0":{"start":{"line":5,"column":42},"end":{"line":5,"column":61}},"1":{"start":{"line":6,"column":42},"end":{"line":6,"column":57}},"2":{"start":{"line":7,"column":32},"end":{"line":7,"column":46}},"3":{"start":{"line":9,"column":21},"end":{"line":9,"column":29}},"4":{"start":{"line":10,"column":20},"end":{"line":10,"column":109}},"5":{"start":{"line":12,"column":30},"end":{"line":12,"column":80}},"6":{"start":{"line":12,"column":42},"end":{"line":12,"column":80}},"7":{"start":{"line":13,"column":23},"end":{"line":13,"column":67}},"8":{"start":{"line":13,"column":32},"end":{"line":13,"column":67}},"9":{"start":{"line":15,"column":4},"end":{"line":17,"column":11}},"10":{"start":{"line":16,"column":8},"end":{"line":16,"column":37}},"11":{"start":{"line":19,"column":4},"end":{"line":19,"column":77}},"12":{"start":{"line":23,"column":68},"end":{"line":23,"column":75}},"13":{"start":{"line":25,"column":4},"end":{"line":25,"column":27}},"14":{"start":{"line":26,"column":4},"end":{"line":26,"column":30}},"15":{"start":{"line":27,"column":4},"end":{"line":32,"column":5}},"16":{"start":{"line":28,"column":8},"end":{"line":28,"column":43}},"17":{"start":{"line":30,"column":8},"end":{"line":30,"column":24}},"18":{"start":{"line":31,"column":8},"end":{"line":31,"column":30}},"19":{"start":{"line":36,"column":52},"end":{"line":36,"column":59}},"20":{"start":{"line":38,"column":4},"end":{"line":38,"column":26}},"21":{"start":{"line":39,"column":24},"end":{"line":39,"column":49}},"22":{"start":{"line":40,"column":27},"end":{"line":40,"column":71}},"23":{"start":{"line":42,"column":4},"end":{"line":45,"column":5}},"24":{"start":{"line":43,"column":8},"end":{"line":43,"column":34}},"25":{"start":{"line":44,"column":8},"end":{"line":44,"column":29}},"26":{"start":{"line":49,"column":47},"end":{"line":49,"column":54}},"27":{"start":{"line":51,"column":4},"end":{"line":51,"column":30}},"28":{"start":{"line":52,"column":4},"end":{"line":52,"column":25}},"29":{"start":{"line":53,"column":4},"end":{"line":53,"column":12}},"30":{"start":{"line":57,"column":21},"end":{"line":57,"column":36}},"31":{"start":{"line":58,"column":4},"end":{"line":58,"column":69}}},"fnMap":{"0":{"name":"useServerInputValidation","decl":{"start":{"line":4,"column":16},"end":{"line":4,"column":40}},"loc":{"start":{"line":4,"column":59},"end":{"line":20,"column":1}},"line":4},"1":{"name":"(anonymous_1)","decl":{"start":{"line":12,"column":30},"end":{"line":12,"column":31}},"loc":{"start":{"line":12,"column":42},"end":{"line":12,"column":80}},"line":12},"2":{"name":"(anonymous_2)","decl":{"start":{"line":13,"column":23},"end":{"line":13,"column":24}},"loc":{"start":{"line":13,"column":32},"end":{"line":13,"column":67}},"line":13},"3":{"name":"(anonymous_3)","decl":{"start":{"line":15,"column":14},"end":{"line":15,"column":15}},"loc":{"start":{"line":15,"column":20},"end":{"line":17,"column":5}},"line":15},"4":{"name":"updateServerInputImpl","decl":{"start":{"line":22,"column":9},"end":{"line":22,"column":30}},"loc":{"start":{"line":22,"column":48},"end":{"line":33,"column":1}},"line":22},"5":{"name":"sendConfigRequest","decl":{"start":{"line":35,"column":15},"end":{"line":35,"column":32}},"loc":{"start":{"line":35,"column":53},"end":{"line":46,"column":1}},"line":35},"6":{"name":"resetModalImpl","decl":{"start":{"line":48,"column":9},"end":{"line":48,"column":23}},"loc":{"start":{"line":48,"column":51},"end":{"line":54,"column":1}},"line":48},"7":{"name":"shouldAttemptConfigRequest","decl":{"start":{"line":56,"column":9},"end":{"line":56,"column":35}},"loc":{"start":{"line":56,"column":46},"end":{"line":59,"column":1}},"line":56}},"branchMap":{"0":{"loc":{"start":{"line":27,"column":4},"end":{"line":32,"column":5}},"type":"if","locations":[{"start":{"line":27,"column":4},"end":{"line":32,"column":5}},{"start":{"line":29,"column":11},"end":{"line":32,"column":5}}],"line":27},"1":{"loc":{"start":{"line":42,"column":4},"end":{"line":45,"column":5}},"type":"if","locations":[{"start":{"line":42,"column":4},"end":{"line":45,"column":5}},{"start":{},"end":{}}],"line":42},"2":{"loc":{"start":{"line":42,"column":8},"end":{"line":42,"column":56}},"type":"binary-expr","locations":[{"start":{"line":42,"column":8},"end":{"line":42,"column":22}},{"start":{"line":42,"column":26},"end":{"line":42,"column":56}}],"line":42},"3":{"loc":{"start":{"line":58,"column":11},"end":{"line":58,"column":68}},"type":"binary-expr","locations":[{"start":{"line":58,"column":11},"end":{"line":58,"column":44}},{"start":{"line":58,"column":48},"end":{"line":58,"column":68}}],"line":58}},"s":{"0":110,"1":110,"2":110,"3":110,"4":110,"5":110,"6":83,"7":110,"8":2,"9":110,"10":9,"11":110,"12":83,"13":83,"14":83,"15":83,"16":27,"17":56,"18":56,"19":27,"20":27,"21":27,"22":27,"23":27,"24":10,"25":10,"26":2,"27":2,"28":2,"29":2,"30":83,"31":83},"f":{"0":
[...]
e":7,"column":88}},{"start":{"line":7,"column":92},"end":{"line":7,"column":109}}],"line":7},"1":{"loc":{"start":{"line":9,"column":18},"end":{"line":9,"column":51}},"type":"binary-expr","locations":[{"start":{"line":9,"column":18},"end":{"line":9,"column":35}},{"start":{"line":9,"column":39},"end":{"line":9,"column":51}}],"line":9},"2":{"loc":{"start":{"line":10,"column":19},"end":{"line":10,"column":53}},"type":"binary-expr","locations":[{"start":{"line":10,"column":19},"end":{"line":10,"column":37}},{"start":{"line":10,"column":41},"end":{"line":10,"column":53}}],"line":10},"3":{"loc":{"start":{"line":11,"column":22},"end":{"line":11,"column":143}},"type":"binary-expr","locations":[{"start":{"line":11,"column":22},"end":{"line":11,"column":43}},{"start":{"line":11,"column":47},"end":{"line":11,"column":60}},{"start":{"line":11,"column":64},"end":{"line":11,"column":80}},{"start":{"line":11,"column":84},"end":{"line":11,"column":107}},{"start":{"line":11,"column":111},"end":{"line":11,"column":124}},{"start":{"line":11,"column":128},"end":{"line":11,"column":143}}],"line":11},"4":{"loc":{"start":{"line":12,"column":16},"end":{"line":12,"column":49}},"type":"binary-expr","locations":[{"start":{"line":12,"column":16},"end":{"line":12,"column":31}},{"start":{"line":12,"column":35},"end":{"line":12,"column":49}}],"line":12},"5":{"loc":{"start":{"line":55,"column":8},"end":{"line":57,"column":9}},"type":"if","locations":[{"start":{"line":55,"column":8},"end":{"line":57,"column":9}},{"start":{},"end":{}}],"line":55},"6":{"loc":{"start":{"line":62,"column":8},"end":{"line":67,"column":9}},"type":"if","locations":[{"start":{"line":62,"column":8},"end":{"line":67,"column":9}},{"start":{},"end":{}}],"line":62},"7":{"loc":{"start":{"line":63,"column":12},"end":{"line":65,"column":13}},"type":"if","locations":[{"start":{"line":63,"column":12},"end":{"line":65,"column":13}},{"start":{},"end":{}}],"line":63},"8":{"loc":{"start":{"line":76,"column":8},"end":{"line":78,"column":9}},"type":"if","locations":[{"start":{"line":76,"column":8},"end":{"line":78,"column":9}},{"start":{},"end":{}}],"line":76},"9":{"loc":{"start":{"line":84,"column":12},"end":{"line":86,"column":13}},"type":"if","locations":[{"start":{"line":84,"column":12},"end":{"line":86,"column":13}},{"start":{},"end":{}}],"line":84}},"s":{"0":83,"1":83,"2":83,"3":83,"4":83,"5":83,"6":83,"7":83,"8":83,"9":94,"10":83,"11":83,"12":3008,"13":1504,"14":752,"15":376,"16":188,"17":94,"18":242,"19":28,"20":214,"21":166,"22":76,"23":14,"24":62,"25":90,"26":83,"27":6005,"28":2855,"29":3150,"30":2855,"31":2855,"32":1435,"33":784,"34":2071},"f":{"0":83,"1":94,"2":83,"3":83,"4":3008,"5":1504,"6":752,"7":376,"8":188,"9":94,"10":242,"11":166,"12":83,"13":6005,"14":2855},"b":{"0":[83,53,53,53,36],"1":[83,36],"2":[83,36],"3":[83,83,56,56,56,56],"4":[83,83],"5":[28,214],"6":[76,90],"7":[14,62],"8":[2855,3150],"9":[784,651]},"_coverageSchema":"1a1c01bbd47fc00a2c39e90264f33305004495a9","hash":"ae26e940d2070999b8f04d01c9eda028ac1df1b5"}
,"/home/brock/Documents/cs314/t17/client/src/utils/DynamicTable.js": {"path":"/home/brock/Documents/cs314/t17/client/src/utils/DynamicTable.js","statementMap":{"0":{"start":{"line":9,"column":0},"end":{"line":14,"column":1}},"1":{"start":{"line":10,"column":4},"end":{"line":13,"column":6}},"2":{"start":{"line":15,"column":0},"end":{"line":26,"column":2}},"3":{"start":{"line":29,"column":4},"end":{"line":46,"column":6}},"4":{"start":{"line":30,"column":8},"end":{"line":45,"column":9}},"5":{"start":{"line":37,"column":32},"end":{"line":37,"column":60}},"6":{"start":{"line":49,"column":22},"end":{"line":49,"column":98}},"7":{"start":{"line":51,"column":4},"end":{"line":61,"column":2}},"8":{"start":{"line":52,"column":22},"end":{"line":52,"column":50}},"9":{"start":{"line":53,"column":14},"end":{"line":53,"column":39}},"10":{"start":{"line":54,"column":14},"end":{"line":54,"column":40}},"11":{"start":{"line":55,"column":2},"end":{"line":58,"column":3}},"12":{"start":{"line":56,"column":21},"end":{"line":56,"column":55}},"13":{"start":{"line":57,"column":3},"end":{"line":57,"column":27}},"14":{"start":{"line":60,"column":2},"end":{"line":60,"column":50}}},"fnMap":{"0":{"name":"DynamicTable","decl":{"start":{"line":7,"column":9},"end":{"line":7,"column":21}},"loc":{"start":{"line":7,"column":28},"end":{"line":27,"column":1}},"line":7},"1":{"name":"tdData","decl":{"start":{"line":28,"column":9},"end":{"line":28,"column":15}},"loc":{"start":{"line":28,"column":38},"end":{"line":47,"column":1}},"line":28},"2":{"name":"(anonymous_2)","decl":{"start":{"line":29,"column":29},"end":{"line":29,"column":30}},"loc":{"start":{"line":29,"column":51},"end":{"line":46,"column":5}},"line":29},"3":{"name":"(anonymous_3)","decl":{"start":{"line":36,"column":33},"end":{"line":36,"column":34}},"loc":{"start":{"line":36,"column":38},"end":{"line":38,"column":25}},"line":36},"4":{"name":"addPlaceEntry","decl":{"start":{"line":48,"column":15},"end":{"line":48,"column":28}},"loc":{"start":{"line":48,"column":43},"end":{"line":62,"column":1}},"line":48}},"branchMap":{"0":{"loc":{"start":{"line":9,"column":0},"end":{"line":14,"column":1}},"type":"if","locations":[{"start":{"line":9,"column":0},"end":{"line":14,"column":1}},{"start":{},"end":{}}],"line":9},"1":{"loc":{"start":{"line":55,"column":2},"end":{"line":58,"column":3}},"type":"if","locations":[{"start":{"line":55,"column":2},"end":{"line":58,"column":3}},{"start":{},"end":{}}],"line":55},"2":{"loc":{"start":{"line":55,"column":6},"end":{"line":55,"column":44}},"type":"binary-expr","locations":[{"start":{"line":55,"column":6},"end":{"line":55,"column":23}},{"start":{"line":55,"column":27},"end":{"line":55,"column":44}}],"line":55}},"s":{"0":18,"1":18,"2":0,"3":0,"4":0,"5":0,"6":0,"7":0,"8":0,"9":0,"10":0,"11":0,"12":0,"13":0,"14":0},"f":{"0":18,"1":0,"2":0,"3":0,"4":0},"b":{"0":[18,0],"1":[0,0],"2":[0,0]},"_coverageSchema":"1a1c01bbd47fc00a2c39e90264f33305004495a9","hash":"fa09a3c20b1e8340d0adb2997c80340191fc2a8a"}
,"/home/brock/Documents/cs314/t17/client/src/utils/constants.js": {"path":"/home/brock/Documents/cs314/t17/client/src/utils/constants.js","statementMap":{"0":{"start":{"line":4,"column":22},"end":{"line":4,"column":44}},"1":{"start":{"line":5,"column":22},"end":{"line":5,"column":52}},"2":{"start":{"line":6,"column":4},"end":{"line":12,"column":5}},"3":{"start":{"line":7,"column":8},"end":{"line":11,"column":9}},"4":{"start":{"line":8,"column":12},"end":{"line":8,"column":35}},"5":{"start":{"line":10,"column":12},"end":{"line":10,"column":36}},"6":{"start":{"line":15,"column":0},"end":{"line":15,"column":23}},"7":{"start":{"line":17,"column":19},"end":{"line":17,"column":30}},"8":{"start":{"line":19,"column":32},"end":{"line":19,"column":55}},"9":{"start":{"line":21,"column":42},"end":{"line":21,"column":59}},"10":{"start":{"line":23,"column":41},"end":{"line":23,"column":73}}},"fnMap":{"0":{"name":"setLogLevelIfDefault","decl":{"start":{"line":3,"column":16},"end":{"line":3,"column":36}},"loc":{"start":{"line":3,"column":39},"end":{"line":13,"column":1}},"line":3}},"branchMap":{"0":{"loc":{"start":{"line":6,"column":4},"end":{"line":12,"column":5}},"type":"if","locations":[{"start":{"line":6,"column":4},"end":{"line":12,"column":5}},{"start":{},"end":{}}],"line":6},"1":{"loc":{"start":{"line":7,"column":8},"end":{"line":11,"column":9}},"type":"if","locations":[{"start":{"line":7,"column":8},"end":{"line":11,"column":9}},{"start":{"line":9,"column":15},"end":{"line":11,"column":9}}],"line":7}},"s":{"0":16,"1":16,"2":16,"3":16,"4":1,"5":15,"6":14,"7":14,"8":14,"9":14,"10":14},"f":{"0":16},"b":{"0":[16,0],"1":[1,15]},"_coverageSchema":"1a1c01bbd47fc00a2c39e90264f33305004495a9","hash":"f9588c10688480c726a5f1c6a423e6aa836f34fa"}
,"/home/brock/Documents/cs314/t17/client/src/utils/restfulAPI.js": {"path":"/home/brock/Documents/cs314/t17/client/src/utils/restfulAPI.js","statementMap":{"0":{"start":{"line":8,"column":16},"end":{"line":13,"column":1}},"1":{"start":{"line":16,"column":21},"end":{"line":16,"column":62}},"2":{"start":{"line":18,"column":4},"end":{"line":20,"column":5}},"3":{"start":{"line":19,"column":8},"end":{"line":19,"column":140}},"4":{"start":{"line":21,"column":4},"end":{"line":23,"column":5}},"5":{"start":{"line":22,"column":8},"end":{"line":22,"column":24}},"6":{"start":{"line":24,"column":4},"end":{"line":24,"column":95}},"7":{"start":{"line":25,"column":4},"end":{"line":25,"column":16}},"8":{"start":{"line":29,"column":25},"end":{"line":32,"column":5}},"9":{"start":{"line":34,"column":4},"end":{"line":44,"column":5}},"10":{"start":{"line":35,"column":25},"end":{"line":35,"column":97}},"11":{"start":{"line":36,"column":8},"end":{"line":40,"column":9}},"12":{"start":{"line":37,"column":12},"end":{"line":37,"column":35}},"13":{"start":{"line":39,"column":12},"end":{"line":39,"column":107}},"14":{"start":{"line":43,"column":8},"end":{"line":43,"column":55}},"15":{"start":{"line":46,"column":4},"end":{"line":46,"column":16}},"16":{"start":{"line":50,"column":27},"end":{"line":50,"column":44}},"17":{"start":{"line":51,"column":23},"end":{"line":51,"column":40}},"18":{"start":{"line":52,"column":23},"end":{"line":52,"column":36}},"19":{"start":{"line":53,"column":26},"end":{"line":53,"column":49}},"20":{"start":{"line":54,"column":4},"end":{"line":54,"column":97}},"21":{"start":{"line":58,"column":4},"end":{"line":62,"column":5}},"22":{"start":{"line":59,"column":37},"end":{"line":59,"column":46}},"23":{"start":{"line":60,"column":25},"end":{"line":60,"column":61}},"24":{"start":{"line":61,"column":8},"end":{"line":61,"column":32}},"25":{"start":{"line":63,"column":4},"end":{"line":63,"column":91}},"26":{"start":{"line":64,"column":4},"end":{"line":64,"column":17}}},"fnMap":{"0":{"name":"sendAPIRequest","decl":{"start":{"line":15,"column":22},"end":{"line":15,"column":36}},"loc":{"start":{"line":15,"column":61},"end":{"line":26,"column":1}},"line":15},"1":{"name":"sendRequest","decl":{"start":{"line":28,"column":15},"end":{"line":28,"column":26}},"loc":{"start":{"line":28,"column":51},"end":{"line":47,"column":1}},"line":28},"2":{"name":"getOriginalServerUrl","decl":{"start":{"line":49,"column":16},"end":{"line":49,"column":36}},"loc":{"start":{"line":49,"column":39},"end":{"line":55,"column":1}},"line":49},"3":{"name":"isJsonResponseValid","decl":{"start":{"line":57,"column":16},"end":{"line":57,"column":35}},"loc":{"start":{"line":57,"column":52},"end":{"line":65,"column":1}},"line":57}},"branchMap":{"0":{"loc":{"start":{"line":18,"column":4},"end":{"line":20,"column":5}},"type":"if","locations":[{"start":{"line":18,"column":4},"end":{"line":20,"column":5}},{"start":{},"end":{}}],"line":18},"1":{"loc":{"start":{"line":21,"column":4},"end":{"line":23,"column":5}},"type":"if","locations":[{"start":{"line":21,"column":4},"end":{"line":23,"column":5}},{"start":{},"end":{}}],"line":21},"2":{"loc":{"start":{"line":36,"column":8},"end":{"line":40,"column":9}},"type":"if","locations":[{"start":{"line":36,"column":8},"end":{"line":40,"column":9}},{"start":{"line":38,"column":15},"end":{"line":40,"column":9}}],"line":36},"3":{"loc":{"start":{"line":54,"column":50},"end":{"line":54,"column":93}},"type":"cond-expr","locations":[{"start":{"line":54,"column":67},"end":{"line":54,"column":77}},{"start":{"line":54,"column":80},"end":{"line":54,"column":93}}],"line":54},"4":{"loc":{"start":{"line":58,"column":4},"end":{"line":62,"column":5}},"type":"if","locations":[{"start":{"line":58,"column":4},"end":{"line":62,"column":5}},{"start":{},"end":{}}],"line":58},"5":{"loc":{"start":{"line":58,"column":8},"end":{"line":58,"column":24}},"type":"binary-expr","locations":[{"start":{"line":58,"column":8},"end":{"line":58,"column":14}},{"start":{"line":58,"column":18},"end":{"line":58,"column":24}}],"line":58}},"s":{"0":12,"1":55,"2":53,"3":1,"4":52,"5":28,"6":24,"7":24,"8":55,"9":55,"10":55,"11":51,"12":50,"13":1,"14":4,"15":5,"16":27,"17":27,"18":27,"19":27,"20":27,"21":52,"22":47,"23":47,"24":47,"25":5,"26":5},"f":{"0":55,"1":55,"2":27,"3":52},"b":{"0":[1,52],"1":[28,24],"2":[50,1],"3":[0,27],"4":[47,5],"5":[52,47]},"_coverageSchema":"1a1c01bbd47fc00a2c39e90264f33305004495a9","hash":"378a53f2fec1d69a0a5e317c54c045824e051493"}
,"/home/brock/Documents/cs314/t17/client/src/utils/reverseGeocode.js": {"path":"/home/brock/Documents/cs314/t17/client/src/utils/reverseGeocode.js","statementMap":{"0":{"start":{"line":4,"column":20},"end":{"line":4,"column":79}},"1":{"start":{"line":8,"column":20},"end":{"line":8,"column":111}},"2":{"start":{"line":9,"column":17},"end":{"line":9,"column":37}},"3":{"start":{"line":10,"column":21},"end":{"line":10,"column":38}},"4":{"start":{"line":12,"column":28},"end":{"line":12,"column":49}},"5":{"start":{"line":13,"column":4},"end":{"line":19,"column":5}},"6":{"start":{"line":14,"column":25},"end":{"line":14,"column":77}},"7":{"start":{"line":15,"column":8},"end":{"line":15,"column":24}},"8":{"start":{"line":17,"column":29},"end":{"line":17,"column":77}},"9":{"start":{"line":18,"column":8},"end":{"line":18,"column":28}}},"fnMap":{"0":{"name":"reverseGeocode","decl":{"start":{"line":6,"column":15},"end":{"line":6,"column":29}},"loc":{"start":{"line":6,"column":38},"end":{"line":20,"column":1}},"line":6}},"branchMap":{"0":{"loc":{"start":{"line":8,"column":42},"end":{"line":8,"column":71}},"type":"binary-expr","locations":[{"start":{"line":8,"column":42},"end":{"line":8,"column":52}},{"start":{"line":8,"column":56},"end":{"line":8,"column":71}}],"line":8},"1":{"loc":{"start":{"line":8,"column":79},"end":{"line":8,"column":109}},"type":"binary-expr","locations":[{"start":{"line":8,"column":79},"end":{"line":8,"column":89}},{"start":{"line":8,"column":93},"end":{"line":8,"column":109}}],"line":8},"2":{"loc":{"start":{"line":13,"column":4},"end":{"line":19,"column":5}},"type":"if","locations":[{"start":{"line":13,"column":4},"end":{"line":19,"column":5}},{"start":{"line":16,"column":11},"end":{"line":19,"column":5}}],"line":13}},"s":{"0":7,"1":25,"2":25,"3":25,"4":18,"5":18,"6":17,"7":17,"8":1,"9":1},"f":{"0":25},"b":{"0":[25,0],"1":[25,0],"2":[17,1]},"_coverageSchema":"1a1c01bbd47fc00a2c39e90264f33305004495a9","hash":"908c3e0d49bfb15f7e51d7282ac4a4f5b35b1c3a"}
,"/home/brock/Documents/cs314/t17/client/src/utils/transformers.js": {"path":"/home/brock/Documents/cs314/t17/client/src/utils/transformers.js","statementMap":{"0":{"start":{"line":2,"column":13},"end":{"line":2,"column":44}},"1":{"start":{"line":3,"column":13},"end":{"line":3,"column":45}},"2":{"start":{"line":4,"column":4},"end":{"line":4,"column":162}},"3":{"start":{"line":8,"column":4},"end":{"line":8,"column":162}},"4":{"start":{"line":12,"column":4},"end":{"line":12,"column":155}},"5":{"start":{"line":16,"column":1},"end":{"line":22,"column":2}},"6":{"start":{"line":17,"column":2},"end":{"line":17,"column":13}},"7":{"start":{"line":18,"column":8},"end":{"line":22,"column":2}},"8":{"start":{"line":19,"column":2},"end":{"line":19,"column":13}},"9":{"start":{"line":21,"column":2},"end":{"line":21,"column":12}},"10":{"start":{"line":26,"column":1},"end":{"line":32,"column":2}},"11":{"start":{"line":27,"column":2},"end":{"line":27,"column":13}},"12":{"start":{"line":28,"column":8},"end":{"line":32,"column":2}},"13":{"start":{"line":29,"column":2},"end":{"line":29,"column":13}},"14":{"start":{"line":31,"column":2},"end":{"line":31,"column":12}}},"fnMap":{"0":{"name":"latLngToText","decl":{"start":{"line":1,"column":16},"end":{"line":1,"column":28}},"loc":{"start":{"line":1,"column":52},"end":{"line":5,"column":1}},"line":1},"1":{"name":"placeToLatLng","decl":{"start":{"line":7,"column":16},"end":{"line":7,"column":29}},"loc":{"start":{"line":7,"column":37},"end":{"line":9,"column":1}},"line":7},"2":{"name":"latLngToPlace","decl":{"start":{"line":11,"column":16},"end":{"line":11,"column":29}},"loc":{"start":{"line":11,"column":38},"end":{"line":13,"column":1}},"line":11},"3":{"name":"evaluateLat","decl":{"start":{"line":15,"column":9},"end":{"line":15,"column":20}},"loc":{"start":{"line":15,"column":26},"end":{"line":23,"column":1}},"line":15},"4":{"name":"evaluateLng","decl":{"start":{"line":25,"column":9},"end":{"line":25,"column":20}},"loc":{"start":{"line":25,"column":26},"end":{"line":33,"column":1}},"line":25}},"branchMap":{"0":{"loc":{"start":{"line":1,"column":37},"end":{"line":1,"column":50}},"type":"default-arg","locations":[{"start":{"line":1,"column":49},"end":{"line":1,"column":50}}],"line":1},"1":{"loc":{"start":{"line":2,"column":13},"end":{"line":2,"column":44}},"type":"binary-expr","locations":[{"start":{"line":2,"column":13},"end":{"line":2,"column":24}},{"start":{"line":2,"column":28},"end":{"line":2,"column":44}}],"line":2},"2":{"loc":{"start":{"line":3,"column":13},"end":{"line":3,"column":45}},"type":"binary-expr","locations":[{"start":{"line":3,"column":13},"end":{"line":3,"column":24}},{"start":{"line":3,"column":28},"end":{"line":3,"column":45}}],"line":3},"3":{"loc":{"start":{"line":4,"column":11},"end":{"line":4,"column":161}},"type":"cond-expr","locations":[{"start":{"line":4,"column":62},"end":{"line":4,"column":156}},{"start":{"line":4,"column":159},"end":{"line":4,"column":161}}],"line":4},"4":{"loc":{"start":{"line":4,"column":11},"end":{"line":4,"column":59}},"type":"binary-expr","locations":[{"start":{"line":4,"column":11},"end":{"line":4,"column":17}},{"start":{"line":4,"column":21},"end":{"line":4,"column":38}},{"start":{"line":4,"column":42},"end":{"line":4,"column":59}}],"line":4},"5":{"loc":{"start":{"line":8,"column":11},"end":{"line":8,"column":161}},"type":"cond-expr","locations":[{"start":{"line":8,"column":84},"end":{"line":8,"column":153}},{"start":{"line":8,"column":156},"end":{"line":8,"column":161}}],"line":8},"6":{"loc":{"start":{"line":8,"column":11},"end":{"line":8,"column":81}},"type":"binary-expr","locations":[{"start":{"line":8,"column":11},"end":{"line":8,"column":16}},{"start":{"line":8,"column":20},"end":{"line":8,"column":48}},{"start":{"line":8,"column":52},"end":{"line":8,"column":81}}],"line":8},"7":{"loc":{"start":{"line":12,"column":11},"end":{"line":12,"column":154}},"type":"cond-expr","locations":[{"start":{"line":12,"column":76},"end":{"line":12,"column":145}},{"start":{"line":12,"column":148},"end":{"line":12,"column":154}}],"line":12},"8":{"loc":{"start":{"line":12,"column":11},"end":{"line":12,"column":73}},"type":"binary-expr","locations":[{"start":{"line":12,"column":11},"end":{"line":12,"column":17}},{"start":{"line":12,"column":21},"end":{"line":12,"column":45}},{"start":{"line":12,"column":49},"end":{"line":12,"column":73}}],"line":12},"9":{"loc":{"start":{"line":16,"column":1},"end":{"line":22,"column":2}},"type":"if","locations":[{"start":{"line":16,"column":1},"end":{"line":22,"column":2}},{"start":{"line":18,"column":8},"end":{"line":22,"column":2}}],"line":16},"10":{"loc":{"start":{"line":18,"column":8},"end":{"line":22,"column":2}},"type":"if","locations":[{"start":{"line":18,"column":8},"end":{"line":22,"column":2}},{"start":{"line":20,"column":8},"end":{"line":22,"column":2}}],"line":18},"11":{"loc":{"start":{"line":26,"column":1},"end":{"line":32,"column":2}},"type":"if","locations":[{"start":{"line":26,"column":1},"end":{"line":32,"column":2}},{"start":{"line":28,"column":8},"end":{"line":32,"column":2}}],"line":26},"12":{"loc":{"start":{"line":28,"column":8},"end":{"line":32,"column":2}},"type":"if","locations":[{"start":{"line":28,"column":8},"end":{"line":32,"column":2}},{"start":{"line":30,"column":8},"end":{"line":32,"column":2}}],"line":28}},"s":{"0":40,"1":40,"2":40,"3":54,"4":22,"5":38,"6":30,"7":8,"8":4,"9":4,"10":38,"11":21,"12":17,"13":13,"14":4},"f":{"0":40,"1":54,"2":22,"3":38,"4":38},"b":{"0":[37],"1":[40,2],"2":[40,2],"3":[38,2],"4":[40,38,38],"5":[52,2],"6":[54,52,52],"7":[20,2],"8":[22,20,20],"9":[30,8],"10":[4,4],"11":[21,17],"12":[13,4]},"_coverageSchema":"1a1c01bbd47fc00a2c39e90264f33305004495a9","hash":"47c481459774ac014033ede05e10b2150c4df3e2"}
}
