TN:
SF:src/entry.js
FNF:0
FNH:0
DA:6,0
LF:1
LH:0
BRF:0
BRH:0
end_of_record
TN:
SF:src/components/App.js
FN:5,App
FN:13,(anonymous_1)
FN:16,showMessage
FNF:3
FNH:3
FNDA:1,App
FNDA:1,(anonymous_1)
FNDA:1,showMessage
DA:6,1
DA:13,1
DA:14,1
DA:17,1
DA:20,1
LF:5
LH:5
BRDA:16,0,0,0
BRF:1
BRH:0
end_of_record
TN:
SF:src/components/Page.js
FN:11,Page
FN:34,useServerSettings
FN:38,(anonymous_2)
FN:42,processServerConfigSuccess
FN:48,sendConfigRequest
FNF:5
FNH:5
FNDA:8,Page
FNDA:8,useServerSettings
FNDA:3,(anonymous_2)
FNDA:2,processServerConfigSuccess
FNDA:3,sendConfigRequest
DA:12,8
DA:13,8
DA:15,8
DA:35,8
DA:36,8
DA:38,8
DA:39,3
DA:43,2
DA:44,2
DA:45,2
DA:49,3
DA:50,3
DA:51,2
DA:53,1
DA:54,1
DA:58,8
LF:16
LH:16
BRDA:50,0,0,2
BRDA:50,0,1,1
BRF:2
BRH:2
end_of_record
TN:
SF:src/components/About/About.js
FN:7,About
FN:17,AboutHeader
FN:32,TeamCard
FN:45,MemberCards
FN:48,(anonymous_4)
FNF:5
FNH:5
FNDA:6,About
FNDA:6,AboutHeader
FNDA:6,TeamCard
FNDA:6,MemberCards
FNDA:30,(anonymous_4)
DA:8,6
DA:18,6
DA:33,6
DA:46,6
DA:49,30
LF:5
LH:5
BRF:0
BRH:0
end_of_record
TN:
SF:src/components/About/AboutCard.js
FN:4,AboutCard
FNF:1
FNH:1
FNDA:36,AboutCard
DA:5,36
DA:9,36
LF:2
LH:2
BRDA:5,0,0,6
BRDA:5,0,1,30
BRF:2
BRH:2
end_of_record
TN:
SF:src/components/About/teamInfo.js
FNF:0
FNH:0
DA:9,2
DA:16,2
LF:2
LH:2
BRF:0
BRH:0
end_of_record
TN:
SF:src/components/Margins/Footer.js
FN:12,Footer
FN:22,ServerInformation
FN:23,connectedToValidServer
FNF:3
FNH:3
FNDA:12,Footer
FNDA:12,ServerInformation
FNDA:24,connectedToValidServer
DA:8,3
DA:9,3
DA:10,3
DA:13,12
DA:15,12
DA:24,24
DA:25,24
DA:27,12
DA:28,12
DA:30,12
LF:10
LH:10
BRDA:25,0,0,24
BRDA:25,0,1,16
BRDA:27,1,0,8
BRDA:27,1,1,4
BRDA:28,2,0,8
BRDA:28,2,1,4
BRF:6
BRH:6
end_of_record
TN:
SF:src/components/Margins/Header.js
FN:8,Header
FNF:1
FNH:1
FNDA:6,Header
DA:6,2
DA:9,6
LF:2
LH:2
BRF:0
BRH:0
end_of_record
TN:
SF:src/components/Margins/ServerSettings.js
FN:5,ServerSettings
FN:9,closeModalWithoutSaving
FN:35,getCurrentServerName
FN:45,Header
FN:53,Body
FN:58,(anonymous_5)
FN:77,SettingsRow
FN:85,(anonymous_7)
FN:99,Footer
FN:103,(anonymous_9)
FN:115,buildFeaturesList
FN:116,(anonymous_11)
FNF:12
FNH:12
FNDA:110,ServerSettings
FNDA:1,closeModalWithoutSaving
FNDA:110,getCurrentServerName
FNDA:94,Header
FNDA:94,Body
FNDA:74,(anonymous_5)
FNDA:282,SettingsRow
FNDA:87,(anonymous_7)
FNDA:94,Footer
FNDA:1,(anonymous_9)
FNDA:94,buildFeaturesList
FNDA:87,(anonymous_11)
DA:7,110
DA:10,1
DA:13,110
DA:36,110
DA:37,23
DA:39,87
DA:40,83
DA:42,4
DA:46,94
DA:55,94
DA:58,74
DA:63,94
DA:78,282
DA:86,87
DA:100,94
DA:104,1
DA:105,1
DA:116,94
LF:18
LH:18
BRDA:36,0,0,23
BRDA:36,0,1,87
BRDA:39,1,0,83
BRDA:39,1,1,4
BRDA:84,2,0,94
BRDA:84,2,1,188
BRF:6
BRH:6
end_of_record
TN:
SF:src/components/Trip/Planner.js
FN:8,Planner
FN:23,buildMap
FN:34,buildItinerary
FN:56,Section
FNF:4
FNH:4
FNDA:8,Planner
FNDA:8,buildMap
FNDA:8,buildItinerary
FNDA:16,Section
DA:9,8
DA:10,8
DA:11,8
DA:12,8
DA:24,8
DA:35,8
DA:57,16
LF:7
LH:7
BRF:0
BRH:0
end_of_record
TN:
SF:src/components/Trip/Itinerary/AddPlace.js
FN:18,AddPlace
FN:23,(anonymous_1)
FN:46,AddPlaceHeader
FN:54,PlaceSearch
FN:55,(anonymous_4)
FN:58,(anonymous_5)
FN:72,buildCoordInput
FN:76,(anonymous_7)
FN:87,buildTextInput
FN:91,(anonymous_9)
FN:106,PlaceInfo
FN:114,FoundPlacesInfo
FN:135,AddPlaceFooter
FN:140,(anonymous_13)
FN:153,verifyCoordinates
FN:167,verifyString
FNF:16
FNH:13
FNDA:42,AddPlace
FNDA:0,(anonymous_1)
FNDA:18,AddPlaceHeader
FNDA:18,PlaceSearch
FNDA:18,(anonymous_4)
FNDA:2,(anonymous_5)
FNDA:18,buildCoordInput
FNDA:16,(anonymous_7)
FNDA:18,buildTextInput
FNDA:0,(anonymous_9)
FNDA:18,PlaceInfo
FNDA:18,FoundPlacesInfo
FNDA:18,AddPlaceFooter
FNDA:0,(anonymous_13)
FNDA:18,verifyCoordinates
FNDA:2,verifyString
DA:19,42
DA:20,42
DA:21,42
DA:22,42
DA:23,0
DA:47,18
DA:55,18
DA:56,18
DA:58,18
DA:59,2
DA:61,18
DA:73,18
DA:76,16
DA:88,18
DA:91,0
DA:107,18
DA:116,18
DA:117,18
DA:118,0
DA:119,0
DA:121,18
DA:136,18
DA:141,0
DA:142,0
DA:154,18
DA:155,18
DA:156,7
DA:157,7
DA:158,7
DA:159,7
DA:160,0
DA:163,18
DA:168,2
DA:169,2
DA:170,0
DA:173,0
LF:36
LH:27
BRDA:158,0,0,7
BRDA:158,0,1,0
BRDA:158,1,0,7
BRDA:158,1,1,7
BRDA:169,2,0,0
BRDA:169,2,1,2
BRF:6
BRH:4
end_of_record
TN:
SF:src/components/Trip/Itinerary/DistancesRequest.js
FN:3,DistancesRequest
FN:7,processDistanceResponseSuccess
FN:12,sendDistanceRequest
FNF:3
FNH:3
FNDA:18,DistancesRequest
FNDA:1,processDistanceResponseSuccess
FNDA:18,sendDistanceRequest
DA:4,18
DA:8,1
DA:14,18
DA:15,18
DA:16,1
DA:18,17
DA:19,17
LF:7
LH:7
BRDA:15,0,0,1
BRDA:15,0,1,17
BRF:2
BRH:2
end_of_record
TN:
SF:src/components/Trip/Itinerary/FileLoaderApp.js
FN:16,FileLoaderApp
FN:18,handleFileUpload
FN:40,FileDisplay
FNF:3
FNH:2
FNDA:4,FileLoaderApp
FNDA:0,handleFileUpload
FNDA:4,FileDisplay
DA:14,6
DA:19,0
DA:20,0
DA:21,0
DA:24,4
DA:41,4
DA:42,0
DA:46,4
LF:8
LH:4
BRDA:41,0,0,0
BRDA:41,0,1,4
BRF:2
BRH:1
end_of_record
TN:
SF:src/components/Trip/Itinerary/FindRequest.js
FN:3,FindRequest
FN:6,processFindResponseSuccess
FN:10,sendFindRequest
FNF:3
FNH:2
FNDA:2,FindRequest
FNDA:0,processFindResponseSuccess
FNDA:2,sendFindRequest
DA:4,2
DA:7,0
DA:12,2
DA:13,0
DA:14,0
DA:17,0
DA:18,0
LF:7
LH:2
BRDA:13,0,0,0
BRDA:13,0,1,0
BRF:2
BRH:0
end_of_record
TN:
SF:src/components/Trip/Itinerary/Itinerary.js
FN:12,Itinerary
FN:13,tripIsEmpty
FN:32,buildTripHeader
FN:55,TripHeader
FN:80,buildItineraryActionsDropdown
FN:98,buildAddPlace
FN:111,buildLoadTrip
FN:124,buildOptimizeTrip
FN:142,buildSettings
FN:160,buildSaveTrip
FN:173,PlaceList
FN:186,calculateTotalDistance
FN:193,buildPlaceRow
FN:196,(anonymous_13)
FN:212,PlaceRow
FN:221,(anonymous_15)
FN:237,calculateCumulativeDistance
FN:248,AdditionalPlaceInfo
FN:256,placeRowClicked
FNF:19
FNH:19
FNDA:12,Itinerary
FNDA:12,tripIsEmpty
FNDA:12,buildTripHeader
FNDA:12,TripHeader
FNDA:12,buildItineraryActionsDropdown
FNDA:12,buildAddPlace
FNDA:12,buildLoadTrip
FNDA:12,buildOptimizeTrip
FNDA:12,buildSettings
FNDA:12,buildSaveTrip
FNDA:12,PlaceList
FNDA:12,calculateTotalDistance
FNDA:12,buildPlaceRow
FNDA:32,(anonymous_13)
FNDA:34,PlaceRow
FNDA:2,(anonymous_15)
FNDA:34,calculateCumulativeDistance
FNDA:34,AdditionalPlaceInfo
FNDA:2,placeRowClicked
DA:14,12
DA:16,12
DA:33,12
DA:56,12
DA:57,12
DA:58,12
DA:59,12
DA:60,12
DA:61,12
DA:62,12
DA:81,12
DA:99,12
DA:112,12
DA:125,12
DA:143,12
DA:161,12
DA:174,12
DA:175,12
DA:187,12
DA:188,12
DA:189,16
DA:191,12
DA:194,12
DA:197,32
DA:213,34
DA:214,34
DA:215,34
DA:216,34
DA:217,34
DA:221,2
DA:238,34
DA:239,34
DA:240,34
DA:241,136
DA:242,136
DA:244,34
DA:249,34
DA:257,2
DA:258,2
LF:39
LH:39
BRDA:14,0,0,12
BRDA:14,0,1,12
BRDA:218,1,0,5
BRDA:218,1,1,29
BRDA:223,2,0,32
BRDA:223,2,1,2
BRF:6
BRH:6
end_of_record
TN:
SF:src/components/Trip/Itinerary/LoadTrip.js
FN:12,LoadTrip
FN:16,(anonymous_1)
FN:35,LoadTripHeader
FN:42,LoadTripFooter
FN:47,(anonymous_4)
FN:57,(anonymous_5)
FN:67,loadTripInMap
FNF:7
FNH:3
FNDA:14,LoadTrip
FNDA:0,(anonymous_1)
FNDA:2,LoadTripHeader
FNDA:2,LoadTripFooter
FNDA:0,(anonymous_4)
FNDA:0,(anonymous_5)
FNDA:0,loadTripInMap
DA:13,14
DA:15,14
DA:16,0
DA:36,2
DA:43,2
DA:48,0
DA:58,0
DA:68,0
DA:69,0
DA:70,0
DA:71,0
DA:73,0
DA:74,0
DA:77,0
LF:14
LH:4
BRDA:51,0,0,2
BRDA:51,0,1,2
BRDA:68,1,0,0
BRDA:68,1,1,0
BRF:4
BRH:2
end_of_record
TN:
SF:src/components/Trip/Itinerary/OptimizeTrip.js
FN:17,OptimizeTrip
FN:20,(anonymous_1)
FN:44,OptimizeTripHeader
FN:52,OptimizeTripFooter
FN:57,(anonymous_4)
FN:64,(anonymous_5)
FN:72,handleOptimize
FN:76,confirmOptimize
FNF:8
FNH:1
FNDA:12,OptimizeTrip
FNDA:0,(anonymous_1)
FNDA:0,OptimizeTripHeader
FNDA:0,OptimizeTripFooter
FNDA:0,(anonymous_4)
FNDA:0,(anonymous_5)
FNDA:0,handleOptimize
FNDA:0,confirmOptimize
DA:19,12
DA:20,0
DA:45,0
DA:53,0
DA:57,0
DA:64,0
DA:73,0
DA:77,0
DA:78,0
DA:79,0
LF:10
LH:1
BRF:0
BRH:0
end_of_record
TN:
SF:src/components/Trip/Itinerary/SaveTrip.js
FN:14,SaveTrip
FN:41,SaveTripHeader
FN:50,SaveTripBody
FN:56,(anonymous_3)
FN:59,(anonymous_4)
FN:64,(anonymous_5)
FN:74,SaveTripFooter
FN:79,(anonymous_7)
FN:86,(anonymous_8)
FN:95,FileSavingApp
FN:104,downloadFile
FN:112,(anonymous_11)
FN:119,buildTripJSON
FNF:13
FNH:1
FNDA:12,SaveTrip
FNDA:0,SaveTripHeader
FNDA:0,SaveTripBody
FNDA:0,(anonymous_3)
FNDA:0,(anonymous_4)
FNDA:0,(anonymous_5)
FNDA:0,SaveTripFooter
FNDA:0,(anonymous_7)
FNDA:0,(anonymous_8)
FNDA:0,FileSavingApp
FNDA:0,downloadFile
FNDA:0,(anonymous_11)
FNDA:0,buildTripJSON
DA:15,12
DA:21,12
DA:22,12
DA:23,12
DA:24,12
DA:42,0
DA:51,0
DA:56,0
DA:59,0
DA:64,0
DA:75,0
DA:79,0
DA:86,0
DA:98,0
DA:99,0
DA:100,0
DA:105,0
DA:106,0
DA:107,0
DA:108,0
DA:109,0
DA:110,0
DA:111,0
DA:112,0
DA:113,0
DA:114,0
DA:120,0
DA:127,0
LF:28
LH:5
BRF:0
BRH:0
end_of_record
TN:
SF:src/components/Trip/Itinerary/Settings.js
FN:14,Settings
FN:24,buildSettingsInput
FN:39,buildSettingsFooter
FN:56,SettingsHeader
FN:64,SettingsInput
FN:76,buildCustomUnitInput
FN:81,(anonymous_6)
FN:89,buildButtons
FN:94,(anonymous_8)
FN:102,handleCustomUnitInput
FN:107,SettingsFooter
FN:112,(anonymous_11)
FN:124,handleUserInput
FN:139,handleUnitsInput
FNF:14
FNH:3
FNDA:12,Settings
FNDA:12,buildSettingsInput
FNDA:12,buildSettingsFooter
FNDA:0,SettingsHeader
FNDA:0,SettingsInput
FNDA:0,buildCustomUnitInput
FNDA:0,(anonymous_6)
FNDA:0,buildButtons
FNDA:0,(anonymous_8)
FNDA:0,handleCustomUnitInput
FNDA:0,SettingsFooter
FNDA:0,(anonymous_11)
FNDA:0,handleUserInput
FNDA:0,handleUnitsInput
DA:15,12
DA:25,12
DA:40,12
DA:57,0
DA:65,0
DA:77,0
DA:81,0
DA:90,0
DA:94,0
DA:103,0
DA:104,0
DA:108,0
DA:113,0
DA:126,0
DA:127,0
DA:129,0
DA:131,0
DA:132,0
DA:133,0
DA:141,0
DA:142,0
DA:143,0
DA:144,0
LF:23
LH:3
BRDA:126,0,0,0
BRDA:126,0,1,0
BRDA:126,1,0,0
BRDA:126,1,1,0
BRF:4
BRH:0
end_of_record
TN:
SF:src/components/Trip/Itinerary/TourRequest.js
FN:4,TourRequest
FN:7,processTourResponseSuccess
FN:16,sendTourRequest
FNF:3
FNH:0
FNDA:0,TourRequest
FNDA:0,processTourResponseSuccess
FNDA:0,sendTourRequest
DA:5,0
DA:8,0
DA:9,0
DA:10,0
DA:11,0
DA:13,0
DA:18,0
DA:19,0
DA:20,0
DA:23,0
DA:24,0
LF:11
LH:0
BRDA:19,0,0,0
BRDA:19,0,1,0
BRF:2
BRH:0
end_of_record
TN:
SF:src/components/Trip/Itinerary/actions.js
FN:8,ItineraryActionsDropdown
FN:11,(anonymous_1)
FN:14,(anonymous_2)
FN:17,(anonymous_3)
FN:20,(anonymous_4)
FN:23,(anonymous_5)
FN:26,(anonymous_6)
FN:29,(anonymous_7)
FN:36,PlaceActionsDropdown
FN:39,(anonymous_9)
FN:46,ActionsDropdown
FN:61,handleRemoveAll
FN:66,handleOptimize
FNF:13
FNH:3
FNDA:12,ItineraryActionsDropdown
FNDA:0,(anonymous_1)
FNDA:0,(anonymous_2)
FNDA:0,(anonymous_3)
FNDA:0,(anonymous_4)
FNDA:0,(anonymous_5)
FNDA:0,(anonymous_6)
FNDA:0,(anonymous_7)
FNDA:34,PlaceActionsDropdown
FNDA:0,(anonymous_9)
FNDA:46,ActionsDropdown
FNDA:0,handleRemoveAll
FNDA:0,handleOptimize
DA:9,12
DA:11,0
DA:14,0
DA:17,0
DA:20,0
DA:23,0
DA:26,0
DA:29,0
DA:37,34
DA:39,0
DA:47,46
DA:62,0
DA:63,0
DA:67,0
DA:68,0
LF:15
LH:3
BRF:0
BRH:0
end_of_record
TN:
SF:src/components/Trip/Map/Map.js
FN:14,Map
FN:15,handleMapClick
FN:39,TripLines
FN:41,(anonymous_3)
FN:49,computePaths
FN:63,PlaceMarker
FNF:6
FNH:6
FNDA:9,Map
FNDA:1,handleMapClick
FNDA:9,TripLines
FNDA:8,(anonymous_3)
FNDA:9,computePaths
FNDA:9,PlaceMarker
DA:8,5
DA:9,5
DA:10,5
DA:11,5
DA:12,5
DA:16,1
DA:19,9
DA:40,9
DA:41,9
DA:42,8
DA:50,9
DA:51,8
DA:54,1
DA:55,1
DA:56,8
DA:57,8
DA:58,8
DA:60,1
DA:64,9
DA:65,8
DA:67,1
DA:68,1
DA:70,0
LF:23
LH:22
BRDA:50,0,0,8
BRDA:50,0,1,1
BRDA:64,1,0,8
BRDA:64,1,1,1
BRDA:67,2,0,1
BRDA:67,2,1,0
BRF:6
BRH:5
end_of_record
TN:
SF:src/components/Trip/Map/Marker.js
FN:9,Marker
FN:10,showMarkerPopup
FN:20,(anonymous_2)
FNF:3
FNH:0
FNDA:0,Marker
FNDA:0,showMarkerPopup
FNDA:0,(anonymous_2)
DA:7,5
DA:11,0
DA:12,0
DA:16,0
DA:17,0
DA:19,0
DA:20,0
LF:7
LH:1
BRDA:11,0,0,0
BRDA:11,0,1,0
BRDA:16,1,0,0
BRDA:16,1,1,0
BRF:4
BRH:0
end_of_record
TN:
SF:src/hooks/useFileReader.js
FN:12,useFileReader
FN:15,readFile
FN:18,(anonymous_2)
FN:26,parseFile
FNF:4
FNH:1
FNDA:20,useFileReader
FNDA:0,readFile
FNDA:0,(anonymous_2)
FNDA:0,parseFile
DA:13,20
DA:16,0
DA:17,0
DA:18,0
DA:19,0
DA:20,0
DA:23,20
DA:27,0
DA:28,0
DA:29,0
DA:30,0
DA:31,0
DA:32,0
DA:33,0
DA:37,0
DA:40,0
LF:16
LH:2
BRDA:28,0,0,0
BRDA:28,0,1,0
BRDA:31,1,0,0
BRDA:31,1,1,0
BRF:4
BRH:0
end_of_record
TN:
SF:src/hooks/usePlaces.js
FN:8,usePlaces
FN:19,(anonymous_1)
FN:20,(anonymous_2)
FN:21,(anonymous_3)
FN:22,(anonymous_4)
FN:23,(anonymous_5)
FN:29,append
FN:42,appendMultiple
FN:50,makeDistancesRequest
FN:55,removeAtIndex
FN:62,(anonymous_10)
FN:63,(anonymous_11)
FN:74,removeAll
FN:81,selectIndex
FNF:14
FNH:11
FNDA:77,usePlaces
FNDA:18,(anonymous_1)
FNDA:4,(anonymous_2)
FNDA:1,(anonymous_3)
FNDA:3,(anonymous_4)
FNDA:0,(anonymous_5)
FNDA:18,append
FNDA:0,appendMultiple
FNDA:18,makeDistancesRequest
FNDA:4,removeAtIndex
FNDA:9,(anonymous_10)
FNDA:0,(anonymous_11)
FNDA:1,removeAll
FNDA:3,selectIndex
DA:9,77
DA:10,77
DA:11,77
DA:12,77
DA:13,77
DA:14,77
DA:16,77
DA:18,77
DA:19,18
DA:20,4
DA:21,1
DA:22,3
DA:23,0
DA:26,77
DA:30,18
DA:32,18
DA:34,18
DA:35,18
DA:37,18
DA:39,18
DA:40,18
DA:43,0
DA:45,0
DA:46,0
DA:47,0
DA:51,18
DA:52,18
DA:56,4
DA:58,4
DA:59,1
DA:60,1
DA:62,9
DA:63,3
DA:64,3
DA:65,3
DA:67,3
DA:68,1
DA:69,2
DA:70,1
DA:75,1
DA:77,1
DA:78,1
DA:82,3
DA:84,3
DA:85,1
DA:86,1
DA:87,1
DA:89,2
LF:48
LH:43
BRDA:58,0,0,1
BRDA:58,0,1,3
BRDA:58,1,0,4
BRDA:58,1,1,4
BRDA:67,2,0,1
BRDA:67,2,1,2
BRDA:69,3,0,1
BRDA:69,3,1,1
BRDA:69,4,0,2
BRDA:69,4,1,2
BRDA:84,5,0,1
BRDA:84,5,1,2
BRDA:84,6,0,3
BRDA:84,6,1,3
BRF:14
BRH:14
end_of_record
TN:
SF:src/hooks/useServerInputValidation.js
FN:4,useServerInputValidation
FN:12,(anonymous_1)
FN:13,(anonymous_2)
FN:15,(anonymous_3)
FN:22,updateServerInputImpl
FN:35,sendConfigRequest
FN:48,resetModalImpl
FN:56,shouldAttemptConfigRequest
FNF:8
FNH:8
FNDA:110,useServerInputValidation
FNDA:83,(anonymous_1)
FNDA:2,(anonymous_2)
FNDA:9,(anonymous_3)
FNDA:83,updateServerInputImpl
FNDA:27,sendConfigRequest
FNDA:2,resetModalImpl
FNDA:83,shouldAttemptConfigRequest
DA:5,110
DA:6,110
DA:7,110
DA:9,110
DA:10,110
DA:12,110
DA:13,110
DA:15,110
DA:16,9
DA:19,110
DA:23,83
DA:25,83
DA:26,83
DA:27,83
DA:28,27
DA:30,56
DA:31,56
DA:36,27
DA:38,27
DA:39,27
DA:40,27
DA:42,27
DA:43,10
DA:44,10
DA:49,2
DA:51,2
DA:52,2
DA:53,2
DA:57,83
DA:58,83
LF:30
LH:30
BRDA:27,0,0,27
BRDA:27,0,1,56
BRDA:42,1,0,10
BRDA:42,1,1,17
BRDA:42,2,0,27
BRDA:42,2,1,24
BRDA:58,3,0,83
BRDA:58,3,1,51
BRF:8
BRH:8
end_of_record
TN:
SF:src/hooks/useToggle.js
FN:3,useToggle
FN:6,toggle
FNF:2
FNH:2
FNDA:114,useToggle
FNDA:7,toggle
DA:4,114
DA:7,7
DA:10,114
LF:3
LH:3
BRF:0
BRH:0
end_of_record
TN:
SF:src/models/place.model.js
FN:6,(anonymous_0)
FN:18,(anonymous_1)
FN:22,(anonymous_2)
FN:26,(anonymous_3)
FN:30,(anonymous_4)
FN:34,(anonymous_5)
FN:38,(anonymous_6)
FN:42,(anonymous_7)
FN:46,(anonymous_8)
FN:50,(anonymous_9)
FN:54,(anonymous_10)
FN:61,(anonymous_11)
FN:71,(anonymous_12)
FN:75,(anonymous_13)
FN:82,(anonymous_14)
FNF:15
FNH:15
FNDA:83,(anonymous_0)
FNDA:94,(anonymous_1)
FNDA:83,(anonymous_2)
FNDA:83,(anonymous_3)
FNDA:3008,(anonymous_4)
FNDA:1504,(anonymous_5)
FNDA:752,(anonymous_6)
FNDA:376,(anonymous_7)
FNDA:188,(anonymous_8)
FNDA:94,(anonymous_9)
FNDA:242,(anonymous_10)
FNDA:166,(anonymous_11)
FNDA:83,(anonymous_12)
FNDA:6005,(anonymous_13)
FNDA:2855,(anonymous_14)
DA:7,83
DA:8,83
DA:9,83
DA:10,83
DA:11,83
DA:12,83
DA:13,83
DA:14,83
DA:15,83
DA:19,94
DA:23,83
DA:27,83
DA:31,3008
DA:35,1504
DA:39,752
DA:43,376
DA:47,188
DA:51,94
DA:55,242
DA:56,28
DA:58,214
DA:62,166
DA:63,76
DA:64,14
DA:66,62
DA:68,90
DA:72,83
DA:76,6005
DA:77,2855
DA:79,3150
DA:83,2855
DA:84,1435
DA:85,784
DA:88,2071
LF:34
LH:34
BRDA:7,0,0,83
BRDA:7,0,1,53
BRDA:7,0,2,53
BRDA:7,0,3,53
BRDA:7,0,4,36
BRDA:9,1,0,83
BRDA:9,1,1,36
BRDA:10,2,0,83
BRDA:10,2,1,36
BRDA:11,3,0,83
BRDA:11,3,1,83
BRDA:11,3,2,56
BRDA:11,3,3,56
BRDA:11,3,4,56
BRDA:11,3,5,56
BRDA:12,4,0,83
BRDA:12,4,1,83
BRDA:55,5,0,28
BRDA:55,5,1,214
BRDA:62,6,0,76
BRDA:62,6,1,90
BRDA:63,7,0,14
BRDA:63,7,1,62
BRDA:76,8,0,2855
BRDA:76,8,1,3150
BRDA:84,9,0,784
BRDA:84,9,1,651
BRF:27
BRH:27
end_of_record
TN:
SF:src/utils/DynamicTable.js
FN:7,DynamicTable
FN:28,tdData
FN:29,(anonymous_2)
FN:36,(anonymous_3)
FN:48,addPlaceEntry
FNF:5
FNH:1
FNDA:18,DynamicTable
FNDA:0,tdData
FNDA:0,(anonymous_2)
FNDA:0,(anonymous_3)
FNDA:0,addPlaceEntry
DA:9,18
DA:10,18
DA:15,0
DA:29,0
DA:30,0
DA:37,0
DA:49,0
DA:51,0
DA:52,0
DA:53,0
DA:54,0
DA:55,0
DA:56,0
DA:57,0
DA:60,0
LF:15
LH:2
BRDA:9,0,0,18
BRDA:9,0,1,0
BRDA:55,1,0,0
BRDA:55,1,1,0
BRDA:55,2,0,0
BRDA:55,2,1,0
BRF:6
BRH:1
end_of_record
TN:
SF:src/utils/constants.js
FN:3,setLogLevelIfDefault
FNF:1
FNH:1
FNDA:16,setLogLevelIfDefault
DA:4,16
DA:5,16
DA:6,16
DA:7,16
DA:8,1
DA:10,15
DA:15,14
DA:17,14
DA:19,14
DA:21,14
DA:23,14
LF:11
LH:11
BRDA:6,0,0,16
BRDA:6,0,1,0
BRDA:7,1,0,1
BRDA:7,1,1,15
BRF:4
BRH:3
end_of_record
TN:
SF:src/utils/restfulAPI.js
FN:15,sendAPIRequest
FN:28,sendRequest
FN:49,getOriginalServerUrl
FN:57,isJsonResponseValid
FNF:4
FNH:4
FNDA:55,sendAPIRequest
FNDA:55,sendRequest
FNDA:27,getOriginalServerUrl
FNDA:52,isJsonResponseValid
DA:8,12
DA:16,55
DA:18,53
DA:19,1
DA:21,52
DA:22,28
DA:24,24
DA:25,24
DA:29,55
DA:34,55
DA:35,55
DA:36,51
DA:37,50
DA:39,1
DA:43,4
DA:46,5
DA:50,27
DA:51,27
DA:52,27
DA:53,27
DA:54,27
DA:58,52
DA:59,47
DA:60,47
DA:61,47
DA:63,5
DA:64,5
LF:27
LH:27
BRDA:18,0,0,1
BRDA:18,0,1,52
BRDA:21,1,0,28
BRDA:21,1,1,24
BRDA:36,2,0,50
BRDA:36,2,1,1
BRDA:54,3,0,0
BRDA:54,3,1,27
BRDA:58,4,0,47
BRDA:58,4,1,5
BRDA:58,5,0,52
BRDA:58,5,1,47
BRF:12
BRH:11
end_of_record
TN:
SF:src/utils/reverseGeocode.js
FN:6,reverseGeocode
FNF:1
FNH:1
FNDA:25,reverseGeocode
DA:4,7
DA:8,25
DA:9,25
DA:10,25
DA:12,18
DA:13,18
DA:14,17
DA:15,17
DA:17,1
DA:18,1
LF:10
LH:10
BRDA:8,0,0,25
BRDA:8,0,1,0
BRDA:8,1,0,25
BRDA:8,1,1,0
BRDA:13,2,0,17
BRDA:13,2,1,1
BRF:6
BRH:4
end_of_record
TN:
SF:src/utils/transformers.js
FN:1,latLngToText
FN:7,placeToLatLng
FN:11,latLngToPlace
FN:15,evaluateLat
FN:25,evaluateLng
FNF:5
FNH:5
FNDA:40,latLngToText
FNDA:54,placeToLatLng
FNDA:22,latLngToPlace
FNDA:38,evaluateLat
FNDA:38,evaluateLng
DA:2,40
DA:3,40
DA:4,40
DA:8,54
DA:12,22
DA:16,38
DA:17,30
DA:18,8
DA:19,4
DA:21,4
DA:26,38
DA:27,21
DA:28,17
DA:29,13
DA:31,4
LF:15
LH:15
BRDA:1,0,0,37
BRDA:2,1,0,40
BRDA:2,1,1,2
BRDA:3,2,0,40
BRDA:3,2,1,2
BRDA:4,3,0,38
BRDA:4,3,1,2
BRDA:4,4,0,40
BRDA:4,4,1,38
BRDA:4,4,2,38
BRDA:8,5,0,52
BRDA:8,5,1,2
BRDA:8,6,0,54
BRDA:8,6,1,52
BRDA:8,6,2,52
BRDA:12,7,0,20
BRDA:12,7,1,2
BRDA:12,8,0,22
BRDA:12,8,1,20
BRDA:12,8,2,20
BRDA:16,9,0,30
BRDA:16,9,1,8
BRDA:18,10,0,4
BRDA:18,10,1,4
BRDA:26,11,0,21
BRDA:26,11,1,17
BRDA:28,12,0,13
BRDA:28,12,1,4
BRF:28
BRH:28
end_of_record
